2025-04-18 17:46:08,762 - INFO - [__init__.py:6] - Initializing settings
2025-04-18 17:46:11,546 - INFO - [cli.py:43] - Hello, I'm Trippy. I'll help you negotiate the best deal for your trip. What do you want to do?
2025-04-18 17:46:12,889 - INFO - [cli.py:43] - Hey Trippy! I'm planning to go hiking up Mount Batur at sunrise in Bali. Would love some help finding the best value option for that. 😊
2025-04-18 17:46:15,422 - INFO - [cli.py:43] - That sounds like an amazing adventure! To help you find the best value option, could you let me know how many people will be joining you on the hike? Also, do you have a specific budget in mind for this experience? 😊
2025-04-18 17:46:16,665 - INFO - [cli.py:43] - Hey! Yeah, it's gonna be awesome! 😊 There'll be 4 of us going on the hike. As for budget, we're looking to keep it around $300.
2025-04-18 17:46:19,427 - INFO - [cli.py:43] - That sounds like a great plan! To make sure everything goes smoothly, do you have a specific start time in mind for the hike? Also, when would you like to have everything finalized by? This will help us ensure you get the best deal in time. 😊
2025-04-18 17:46:20,954 - INFO - [cli.py:43] - We're hoping to start the hike around 5 AM to catch the sunrise. As for finalizing everything, it would be great to have it all sorted by July 15th, just to be safe! 😊
2025-04-18 17:46:24,233 - INFO - [cli.py:43] - That sounds like a perfect plan to catch the sunrise! Do you already have a guide in mind for the hike, or do you need any recommendations? If you have a guide, could you share their contact details so we can ensure everything is coordinated smoothly? 😊
2025-04-18 17:46:25,560 - INFO - [cli.py:43] - Yeah, I actually have a guide in mind already. His name is Made Wirawan, and you can reach him at +6281234567890. Hopefully, he can offer a good deal for the hike! 😊
2025-04-18 17:46:27,107 - INFO - [cli.py:43] - 📋 Here's a summary of your trip information:
🎯 Activity: Hiking up Mount Batur at sunrise
📍 Location: Mount Batur, Bali
📅 Start Time: 2023-07-15T05:00:00+08:00
⏱️ Negotiation Deadline: 2023-07-15T00:00:00+08:00
👥 Number of Participants: 4
💰 Budget: 300

Guide Contacts:
  • Made Wirawan: +6281234567890

Preferences:
  • Price Vs Value: best_value

Is all of this information correct? Please review it carefully.
If everything looks good, please confirm. If anything needs to be changed, please let me know what needs to be corrected.
2025-04-18 17:46:29,149 - INFO - [cli.py:43] - Hey! Just a little mix-up with the start and negotiation deadline dates. The hike is actually on 2025-08-15 at 5 AM, and I'd like to finalize everything by 2025-07-15. Other than that, everything looks good! 😊
2025-04-18 17:46:31,511 - INFO - [cli.py:43] - I've updated your information. Let me show you the new summary.
2025-04-18 17:46:31,514 - INFO - [cli.py:43] - 📋 Here's a summary of your trip information:
🎯 Activity: Hiking up Mount Batur at sunrise
📍 Location: Mount Batur, Bali
📅 Start Time: 2025-08-15T05:00:00+08:00
⏱️ Negotiation Deadline: 2025-07-15T00:00:00+08:00
👥 Number of Participants: 4
💰 Budget: 300

Guide Contacts:
  • Made Wirawan: +6281234567890

Preferences:
  • Price Vs Value: best_value

Is all of this information correct? Please review it carefully.
If everything looks good, please confirm. If anything needs to be changed, please let me know what needs to be corrected.
2025-04-18 17:46:32,395 - INFO - [cli.py:43] - Yep, that's all correct now! Thanks for sorting that out. Let's go ahead with it! 😊
2025-04-18 17:46:34,583 - INFO - [cli.py:43] - Thank you, we've got all we need. I'll start negotiating the best deal for your trip.
2025-04-18 17:46:34,675 - INFO - [cli.py:43] - Hello, I am a travel agent working on behalf of a client. They are interested in: Hiking up Mount Batur at sunrise at Mount Batur, Bali. They would like to do this starting at 2025-08-15T05:00:00+08:00 with 4 participants. Their budget is 300. Can you help with this request? Please let me know if this is possible, what services you can provide, and your pricing. Thank you.
2025-04-18 17:46:43,486 - INFO - [cli.py:43] - Hello! Thank you for reaching out with your client's request. I'd be delighted to assist in arranging a memorable sunrise hike up Mount Batur for them. Here's an overview of what we offer:

### Mount Batur Sunrise Hike Details:

**Meeting Point:**
- We will pick up participants from their accommodation in Ubud, Kuta, Seminyak, or Sanur. Pickup typically starts at around 2:00 AM to ensure timely arrival at the starting point.

**Duration:**
- The entire experience lasts approximately 8-9 hours, including travel time. The hike itself is about 2-3 hours up, and 1.5-2 hours down.

**What's Included:**
- Round-trip transportation from your client's accommodation.
- An experienced English-speaking local guide.
- Entrance fees to Mount Batur.
- Breakfast on the summit (usually consisting of eggs boiled in volcanic steam, bread, and fruit).
- Flashlights for the trek.
- Bottled water.

**Special Requirements:**
- Participants should have a moderate level of fitness, as the trek can be challenging in parts.
- Good hiking shoes and a warm jacket are recommended due to cooler temperatures at the summit.

**Pricing:**
- Our standard rate for this tour is $85 per person, which totals $340 for four participants. Given your client's budget, I can offer a 10% discount, bringing the total to $306.

If your client is flexible with their budget or has specific requests, feel free to let me know. We strive to provide a personalized and enjoyable experience for all our guests. Please let me know if you need further details or wish to proceed with the booking.

Thank you!
2025-04-18 17:46:58,096 - INFO - [guide_manager.py:244] - Continuing conversation with guide Made Wirawan
2025-04-18 17:46:58,097 - INFO - [cli.py:43] - Thank you for the detailed information and the discount offer. My client is on a strict budget of $300 for the entire group. Given the small difference, could you possibly adjust the package to meet this budget? Perhaps there's a possibility to slightly modify the included services, like opting out of breakfast if necessary, to bring the cost down to $300. I appreciate your help in creating a memorable experience within their budget constraints.
2025-04-18 17:46:58,101 - INFO - [guide_manager.py:246] - Message sent to guide: Thank you for the detailed information and the discount offer. My client is on a strict budget of $300 for the entire group. Given the small difference, could you possibly adjust the package to meet this budget? Perhaps there's a possibility to slightly modify the included services, like opting out of breakfast if necessary, to bring the cost down to $300. I appreciate your help in creating a memorable experience within their budget constraints.
2025-04-18 17:47:02,956 - INFO - [cli.py:43] - I completely understand your client's budget constraints, and I'm happy to work with you to create a package that meets their needs while still providing a memorable experience. To accommodate the $300 budget for the group, we can make a few adjustments:

1. **Opt-out of Breakfast:** We can exclude the breakfast at the summit, which would help reduce costs slightly.

2. **Group Pickup Point:** Instead of individual pickups, we can arrange for a single pickup point that is convenient for all participants, which can also help save on transportation costs.

3. **Reduced Group Discount:** I can extend a 12% discount instead of the usual 10%, which would bring the total cost for four participants to $299.20.

With these adjustments, we can meet your client's budget of $300 while still providing a quality experience. Let me know if this works for your client, or if there are any other preferences or questions. I’m here to help ensure they have an unforgettable sunrise hike up Mount Batur.
2025-04-18 17:47:07,879 - INFO - [guide_manager.py:244] - Continuing conversation with guide Made Wirawan
2025-04-18 17:47:07,879 - INFO - [cli.py:43] - Thank you for accommodating my client's budget with these adjustments. I believe this revised package will work well for them. Let's proceed with booking the tour for August 15th, 2025. Could you please confirm the next steps for finalizing the reservation and any additional information you may need from our side? Thank you for your cooperation in arranging this memorable experience.
2025-04-18 17:47:07,881 - INFO - [guide_manager.py:246] - Message sent to guide: Thank you for accommodating my client's budget with these adjustments. I believe this revised package will work well for them. Let's proceed with booking the tour for August 15th, 2025. Could you please confirm the next steps for finalizing the reservation and any additional information you may need from our side? Thank you for your cooperation in arranging this memorable experience.
2025-04-18 17:47:13,799 - INFO - [cli.py:43] - I'm delighted to hear that the revised package works for your client. To proceed with the booking for the Mount Batur Sunrise Hike on August 15th, 2025, here are the next steps:

1. **Reservation Details:**
   Please provide the following details:
   - Full names of all four participants.
   - Contact information, including an email and phone number for the group.
   - The preferred single pickup location, along with any specific pickup time if different from our standard schedule.

2. **Payment:**
   - We will require a deposit of 20% ($60) to secure the booking, with the balance payable on the day of the tour.
   - Payment can be made via credit card or bank transfer. I can send you the payment details once you confirm the booking.

3. **Confirmation:**
   - Once we receive the deposit and participant details, I'll send you a confirmation email with all the tour details, including the meeting point, itinerary, and contact information for the guide.

Please let me know if you need any additional information or have further requests. I’m looking forward to providing your clients with a memorable and safe adventure at Mount Batur. Thank you for choosing us to assist with their travel experience!
2025-04-18 17:47:16,148 - INFO - [guide_manager.py:253] - Guide Made Wirawan asked traveler: Could you please provide the full names of all four participants, a contact email and phone number for the group, and the preferred single pickup location? This information is needed to finalize your reservation for the Mount Batur Sunrise Hike. Thank you!
