2025-04-18 17:37:30,985 - INFO - [__init__.py:6] - Initializing settings
2025-04-18 17:37:33,568 - INFO - [cli.py:43] - Hello, I'm Trippy. I'll help you negotiate the best deal for your trip. What do you want to do?
2025-04-18 17:37:35,190 - INFO - [cli.py:43] - Hey Trippy! I'm planning to hike Mount Batur at sunrise in Bali with a group of 4 people. Looking for the best value deal, not too difficult, and within a budget of $300. Can you help me with that?
2025-04-18 17:37:37,994 - INFO - [cli.py:43] - That sounds like an amazing adventure! To make sure we get the best deal for your sunrise hike, could you let me know what time you'd like to start the hike? Also, do you have a deadline for when you'd like to finalize the negotiation? This will help us plan everything smoothly.
2025-04-18 17:37:39,633 - INFO - [cli.py:43] - Hey, yeah, it should be awesome! We're planning to start the hike at 5:00 AM. As for the deadline for finalizing everything, I'd say we should wrap things up by July 15th. Hope that helps!
2025-04-18 17:37:43,019 - INFO - [cli.py:43] - Great, that gives us a good timeline to work with! Do you already have a guide in mind for the hike, or do you need to provide their contact details so we can coordinate everything for your group?
2025-04-18 17:37:44,085 - INFO - [cli.py:43] - We do have a guide in mind! His name is Made Wirawan, and you can reach him at +6281234567890. Would be great if you could coordinate with him to get the best deal. Thanks a lot!
2025-04-18 17:37:45,576 - INFO - [cli.py:43] - 📋 Here's a summary of your trip information:
🎯 Activity: Hike Mount Batur at sunrise
📍 Location: Mount Batur, Bali
📅 Start Time: 2023-07-15T05:00:00+08:00
⏱️ Negotiation Deadline: 2023-07-15T00:00:00+08:00
👥 Number of Participants: 4
💰 Budget: 300

Guide Contacts:
  • Made Wirawan: +6281234567890

Preferences:
  • Price Vs Value: best_value

Is all of this information correct? Please review it carefully.
If everything looks good, please confirm. If anything needs to be changed, please let me know what needs to be corrected.
2025-04-18 17:37:46,875 - INFO - [cli.py:43] - Oops, just a couple of things need fixing. The start time for the hike should be 2025-08-15T05:00:00+08:00, not 2023, and the negotiation deadline is 2025-07-15T00:00:00+08:00. Everything else looks great! Thanks for helping with this.
2025-04-18 17:37:49,602 - INFO - [cli.py:43] - I've updated your information. Let me show you the new summary.
2025-04-18 17:37:49,605 - INFO - [cli.py:43] - 📋 Here's a summary of your trip information:
🎯 Activity: Hike Mount Batur at sunrise
📍 Location: Mount Batur, Bali
📅 Start Time: 2025-08-15T05:00:00+08:00
⏱️ Negotiation Deadline: 2025-07-15T00:00:00+08:00
👥 Number of Participants: 4
💰 Budget: 300

Guide Contacts:
  • Made Wirawan: +6281234567890

Preferences:
  • Price Vs Value: best_value

Is all of this information correct? Please review it carefully.
If everything looks good, please confirm. If anything needs to be changed, please let me know what needs to be corrected.
2025-04-18 17:37:50,384 - INFO - [cli.py:43] - Yep, everything looks perfect now! Thanks for updating it. Let's go ahead with this info.
2025-04-18 17:37:52,536 - INFO - [cli.py:43] - Thank you, we've got all we need. I'll start negotiating the best deal for your trip.
2025-04-18 17:37:52,618 - INFO - [cli.py:43] - Hello, I am a travel agent working on behalf of a client. They are interested in: Hike Mount Batur at sunrise at Mount Batur, Bali. They would like to do this starting at 2025-08-15T05:00:00+08:00 with 4 participants. Their budget is 300. Can you help with this request? Please let me know if this is possible, what services you can provide, and your pricing. Thank you.
2025-04-18 17:38:03,924 - INFO - [cli.py:43] - Hello! Thank you for reaching out with your client's request. I'd be happy to assist with organizing a sunrise hike to Mount Batur for your clients.

**Hike Overview:**
- **Activity:** Sunrise Hike at Mount Batur
- **Date & Time:** August 15, 2025, starting at 5:00 AM
- **Participants:** 4
- **Duration:** Approximately 8 hours (including pick-up, hike, and return)
- **Difficulty Level:** Moderate
- **Special Requirements:** Participants should have a moderate level of fitness and wear sturdy, comfortable walking shoes. Warm clothing is recommended for the cooler temperatures at the summit in the early morning.

**What's Included:**
- Round-trip transportation from Ubud or surrounding areas to Mount Batur
- Experienced local guide
- Entrance fees to Mount Batur
- Breakfast at the summit (typically includes boiled eggs cooked in volcanic steam, fruit, and tea/coffee)
- Flashlights for the trek

**Pricing:**
The standard cost for this package is $90 per person. For 4 participants, the total comes to $360. Given your client's budget, I can offer a 10% discount, bringing the total to $324.

**Meeting Point:**
We will arrange for a pick-up at your client's accommodation in Ubud or a nearby area around 2:00 AM to ensure a timely arrival for the sunrise.

**Additional Information:**
- The trail is well-marked but can be steep in sections, so participants should be comfortable with such conditions.
- We recommend bringing a small backpack with water, a camera, and any personal items they may need.
- The weather at the peak can be chilly, so a light jacket is advisable.

Please let me know if there's any flexibility in your client's budget or if there are further details I can assist with. I look forward to helping your clients enjoy a memorable experience at Mount Batur.
