2025-04-18 18:28:26,737 - INFO - [__init__.py:6] - Initializing settings
2025-04-18 18:28:29,471 - INFO - [cli.py:43] - Hello, I'm Trippy. I'll help you negotiate the best deal for your trip. What do you want to do?
2025-04-18 18:28:30,990 - INFO - [cli.py:43] - Hey Trippy! So, I'm planning to do a sunrise hike up Mount Batur in Bali. I want to get the best value deal for this, something that's moderately difficult and fits within a budget of $300 for all four of us. Can you help with that?
2025-04-18 18:28:33,440 - INFO - [cli.py:43] - That sounds like an amazing adventure! To make sure we get the best deal, could you let me know what time you'd like to start the hike? Also, do you have a deadline for when you'd like to finalize the negotiation?
2025-04-18 18:28:35,078 - INFO - [cli.py:43] - Hey, thanks! Yeah, we wanna start the hike at 5:00 AM to catch the sunrise. As for the deadline, I'd like to have everything sorted by July 15, 2025. That way, there's time to prepare and make sure everything's set. 😊
2025-04-18 18:28:37,739 - INFO - [cli.py:43] - That sounds like a perfect plan! Do you already have a guide in mind for the hike, or do you need any recommendations? If you have a guide, could you share their contact details so we can ensure everything is coordinated smoothly?
2025-04-18 18:28:39,390 - INFO - [cli.py:43] - Yeah, I've got a guide in mind already. His name is Made Wirawan, and you can reach him at +6281234567890. Heard good things about him, so hopefully, he can hook us up with a great deal.
2025-04-18 18:28:40,623 - INFO - [cli.py:43] - 📋 Here's a summary of your trip information:
🎯 Activity: Sunrise hike
📍 Location: Mount Batur, Bali
📅 Start Time: 2025-07-15T05:00:00+08:00
⏱️ Negotiation Deadline: 2025-07-15
👥 Number of Participants: 4
💰 Budget: 300

Guide Contacts:
  • Made Wirawan: +6281234567890

Preferences:
  • Price Vs Value: best_value

Is all of this information correct? Please review it carefully.
If everything looks good, please confirm. If anything needs to be changed, please let me know what needs to be corrected.
2025-04-18 18:28:41,976 - INFO - [cli.py:43] - Oops, there's a small mistake there! The start time should be 2025-08-15T05:00:00+08:00, not July. Could you fix that, please? Everything else looks spot on. 😊
2025-04-18 18:28:43,884 - INFO - [cli.py:43] - I've updated your information. Let me show you the new summary.
2025-04-18 18:28:43,885 - INFO - [cli.py:43] - 📋 Here's a summary of your trip information:
🎯 Activity: Sunrise hike
📍 Location: Mount Batur, Bali
📅 Start Time: 2025-08-15T05:00:00+08:00
⏱️ Negotiation Deadline: 2025-07-15
👥 Number of Participants: 4
💰 Budget: 300

Guide Contacts:
  • Made Wirawan: +6281234567890

Preferences:
  • Price Vs Value: best_value

Is all of this information correct? Please review it carefully.
If everything looks good, please confirm. If anything needs to be changed, please let me know what needs to be corrected.
2025-04-18 18:28:44,906 - INFO - [cli.py:43] - Awesome, this looks perfect now! Thanks for fixing that date. Everything else looks good. Let's go ahead with this info! 😊
2025-04-18 18:28:46,855 - INFO - [cli.py:43] - Thank you, we've got all we need. We'll get to work!
2025-04-18 18:28:46,934 - INFO - [cli.py:43] - Hello, I am a travel agent working on behalf of a client. They are interested in: Sunrise hike at Mount Batur, Bali. They would like to do this starting at 2025-08-15T05:00:00+08:00 with 4 participants. Their budget is 300. Can you help with this request? Please let me know if this is possible, what services you can provide, and your pricing. Thank you.
2025-04-18 18:28:58,630 - INFO - [cli.py:43] - Hello! Thank you for reaching out. I'd be delighted to assist with organizing a sunrise hike at Mount Batur for your clients.

**Sunrise Hike at Mount Batur Overview:**

- **Meeting Point:** Your clients will be picked up from their accommodation in Ubud, Kuta, Seminyak, or nearby areas. The usual pick-up time is around 2:00 AM to ensure they reach the starting point by 3:30 AM for the trek.

- **Duration:** The entire experience lasts approximately 8-10 hours, including transportation to and from the hiking site. The hike itself typically takes about 1.5 to 2 hours to reach the summit, allowing them to enjoy the sunrise at around 6:00 AM.

- **What's Included:**
  - Round-trip transportation from their hotel.
  - English-speaking local guide.
  - Breakfast on the summit (usually includes boiled eggs cooked in volcanic steam, bread, and hot drinks).
  - Trekking poles and flashlights.

- **Special Requirements:** Participants should be physically fit enough for a moderate hike. They should wear comfortable hiking shoes, bring a jacket (as it can be chilly at the top), and carry a small backpack with water.

**Pricing:**
- For a private group of 4 participants, the standard price is USD 85 per person. This would total USD 340.

Since your client's budget is USD 300, I can offer a slight discount to meet their needs. I can bring the total to USD 306 for the group, which is a 10% discount off the regular price.

Please let me know if this arrangement works for your client or if there are any further questions or adjustments needed. I'm here to ensure they have a memorable experience!

Thank you!
2025-04-18 18:29:05,182 - INFO - [guide_manager.py:244] - Continuing conversation with guide Made Wirawan
2025-04-18 18:29:05,182 - INFO - [cli.py:43] - Thank you for your detailed response and the generous discount offered. However, our client's budget is strictly set at USD 300. Is there any possibility of further adjusting the price to meet this budget? Alternatively, if there are specific inclusions we could modify to help reach this budget, please let me know. We aim to ensure a memorable experience while adhering to the client's budgetary constraints. Thank you for your understanding and cooperation.
2025-04-18 18:29:05,183 - INFO - [guide_manager.py:246] - Message sent to guide: Thank you for your detailed response and the generous discount offered. However, our client's budget is strictly set at USD 300. Is there any possibility of further adjusting the price to meet this budget? Alternatively, if there are specific inclusions we could modify to help reach this budget, please let me know. We aim to ensure a memorable experience while adhering to the client's budgetary constraints. Thank you for your understanding and cooperation.
2025-04-18 18:29:10,709 - INFO - [cli.py:43] - Thank you for understanding, and I appreciate your efforts to create a memorable experience for your clients within their budget. While our standard rates are quite competitive due to the inclusions and quality of service, I can suggest a couple of adjustments to help meet the USD 300 budget:

1. **Self-Transportation to the Starting Point:** If your clients are comfortable arranging their own transportation to the starting point of the hike at Mount Batur, I can provide a further discount. This would reduce the logistical costs on our end.

2. **Group Breakfast:** We could modify the breakfast offering to a simpler option, which might help reduce costs slightly.

By implementing these adjustments, I can offer the package for USD 300 for the group. Please let me know if this works for your clients or if there are any other preferences or requirements they might have. I'm here to help ensure they have a fantastic sunrise hike at Mount Batur!
2025-04-18 18:29:15,217 - INFO - [guide_manager.py:253] - Guide Made Wirawan asked traveler: Hello [Traveler's Name],

The guide has offered a way to meet your budget of USD 300 by having you arrange your own transportation to the starting point of the Mount Batur hike and offering a simpler breakfast option.

Could you please let me know if arranging your own transportation to the starting point is feasible for you? This will help us finalize the arrangement within your budget while ensuring you have a memorable experience.

Thank you!
2025-04-18 18:29:15,218 - INFO - [cli.py:43] - The guides had the following questions about your trip:
- Hello [Traveler's Name],

The guide has offered a way to meet your budget of USD 300 by having you arrange your own transportation to the starting point of the Mount Batur hike and offering a simpler breakfast option.

Could you please let me know if arranging your own transportation to the starting point is feasible for you? This will help us finalize the arrangement within your budget while ensuring you have a memorable experience.

Thank you!

Please provide answers to help us negotiate the best deal for you.
2025-04-18 18:29:16,856 - INFO - [cli.py:43] - Hey! Hmm, arranging our own transportation might be a bit tricky, but if it helps keep us within budget, we can look into it. I’ll chat with the group and see if we can figure something out. As for the breakfast, a simpler option is totally fine! Thanks for working on this. 😊
2025-04-18 18:29:21,131 - INFO - [cli.py:43] - Thank you, we've got all we need. We'll get to work!
2025-04-18 18:29:24,845 - INFO - [guide_manager.py:253] - Guide Made Wirawan asked traveler: Hello! I hope you're doing well. The guide has offered a solution to meet your budget of USD 300 by suggesting two adjustments: arranging your own transportation to the starting point and having a simpler breakfast option. Could you please let me know if you are comfortable with arranging your own transportation to Mount Batur for the hike? This will help us finalize the arrangements. Thank you!
2025-04-18 18:29:24,845 - INFO - [cli.py:43] - The guides had the following questions about your trip:
- Hello! I hope you're doing well. The guide has offered a solution to meet your budget of USD 300 by suggesting two adjustments: arranging your own transportation to the starting point and having a simpler breakfast option. Could you please let me know if you are comfortable with arranging your own transportation to Mount Batur for the hike? This will help us finalize the arrangements. Thank you!

Please provide answers to help us negotiate the best deal for you.
2025-04-18 18:29:29,143 - INFO - [cli.py:43] - Hey, I'm good, thanks! So we’re okay with the simpler breakfast option. As for transportation, it might be a little tricky, but we'll try to sort it out ourselves. If that's what's needed to stay within budget, we’ll make it work. Thanks for your help! 😊
2025-04-18 18:33:41,549 - INFO - [cli.py:43] - Thank you, we've got all we need. We'll get to work!
2025-04-18 18:33:45,165 - INFO - [guide_manager.py:253] - Guide Made Wirawan asked traveler: Hello! The guide has offered a solution to meet your budget by suggesting that you arrange your own transportation to the starting point of the hike. Additionally, they propose a simpler breakfast option. Can you confirm if you're comfortable with these adjustments? This way, we can finalize the booking within your budget. Thank you!
2025-04-18 18:33:45,166 - INFO - [cli.py:43] - The guides had the following questions about your trip:
- Hello! The guide has offered a solution to meet your budget by suggesting that you arrange your own transportation to the starting point of the hike. Additionally, they propose a simpler breakfast option. Can you confirm if you're comfortable with these adjustments? This way, we can finalize the booking within your budget. Thank you!

Please provide answers to help us negotiate the best deal for you.
2025-04-18 18:33:46,688 - INFO - [cli.py:43] - Hi there! Yeah, we’re okay with both of those adjustments. We'll arrange transportation ourselves, and a simpler breakfast is fine too. Just let me know once everything's set. Thanks a bunch for sorting this out! 😊
2025-04-18 18:34:50,205 - INFO - [cli.py:43] - Thank you, we've got all we need. We'll get to work!
