2025-04-18 18:39:48,904 - INFO - [__init__.py:6] - Initializing settings
2025-04-18 18:39:51,695 - INFO - [cli.py:43] - Hello, I'm Trippy. I'll help you negotiate the best deal for your trip. What do you want to do?
2025-04-18 18:39:52,693 - INFO - [cli.py:43] - Hey Trippy! I'm planning to go hiking at Mount Batur to catch the sunrise. I've heard it's amazing!
2025-04-18 18:39:54,908 - INFO - [cli.py:43] - That sounds like an incredible experience! To make sure everything goes smoothly, do you have a specific start time in mind for your hike? Also, how many people will be joining you on this adventure?
2025-04-18 18:39:55,610 - INFO - [cli.py:43] - Yeah, I'm aiming to start the hike at around 5 AM. There'll be 4 of us going on this adventure! 😊
2025-04-18 18:39:58,503 - INFO - [cli.py:43] - That sounds like a perfect start time to catch the sunrise! Do you have a budget in mind for this trip? Also, do you already have a guide in mind, or do you need their contact details to make arrangements?
2025-04-18 18:39:59,725 - INFO - [cli.py:43] - I've got a budget of about $300 for this trip. As for the guide, I've got contact details for Made Wirawan, so I think I'm good there. 😊 Just need to make sure we get the best value for what we're paying!
2025-04-18 18:40:02,142 - INFO - [cli.py:43] - Great, it sounds like you're all set with the guide! Just to make sure we can secure the best deal for you, do you have a specific deadline by which you'd like to finalize all the arrangements?
2025-04-18 18:40:02,823 - INFO - [cli.py:43] - Yeah, I'd like to have everything sorted by July 15th. That should give us enough time. Thanks, Trippy!
2025-04-18 18:40:04,449 - INFO - [cli.py:43] - 📋 Here's a summary of your trip information:
🎯 Activity: Hiking to catch the sunrise
📍 Location: Mount Batur
📅 Start Time: 2023-10-15T05:00:00+08:00
⏱️ Negotiation Deadline: 2023-07-15T00:00:00+08:00
👥 Number of Participants: 4
💰 Budget: 300

Guide Contacts:
  • Made Wirawan:

Preferences:
  • Price Vs Value: best_value

Is all of this information correct? Please review it carefully.
If everything looks good, please confirm. If anything needs to be changed, please let me know what needs to be corrected.
2025-04-18 18:40:06,163 - INFO - [cli.py:43] - Oops, there are a couple of mistakes there. The start time should be 2025-08-15T05:00:00+08:00, and the negotiation deadline should be 2025-07-15T00:00:00+08:00. Also, the contact number for Made Wirawan is +6281234567890. If you could update those, that'd be great! 😊
2025-04-18 18:40:08,077 - INFO - [cli.py:43] - I've updated your information. Let me show you the new summary.
2025-04-18 18:40:08,080 - INFO - [cli.py:43] - 📋 Here's a summary of your trip information:
🎯 Activity: Hiking to catch the sunrise
📍 Location: Mount Batur
📅 Start Time: 2025-08-15T05:00:00+08:00
⏱️ Negotiation Deadline: 2025-07-15T00:00:00+08:00
👥 Number of Participants: 4
💰 Budget: 300

Guide Contacts:
  • Made Wirawan: +6281234567890

Preferences:
  • Price Vs Value: best_value

Is all of this information correct? Please review it carefully.
If everything looks good, please confirm. If anything needs to be changed, please let me know what needs to be corrected.
2025-04-18 18:40:08,947 - INFO - [cli.py:43] - Yep, that looks perfect now. Thanks for updating it! Let's go ahead with this info. 😊
2025-04-18 18:40:11,057 - INFO - [cli.py:43] - Thank you, we've got all we need. We'll get to work!
2025-04-18 18:40:11,144 - INFO - [cli.py:43] - Hello, I am a travel agent working on behalf of a client. They are interested in: Hiking to catch the sunrise at Mount Batur. They would like to do this starting at 2025-08-15T05:00:00+08:00 with 4 participants. Their budget is 300. Can you help with this request? Please let me know if this is possible, what services you can provide, and your pricing. Thank you.
2025-04-18 18:40:20,212 - INFO - [cli.py:43] - Hello! Thank you for reaching out. I'm glad to hear your clients are interested in experiencing the sunrise at Mount Batur. It's truly a spectacular adventure. Here's what I can offer for the hike:

### Hiking Experience Overview:
- **Duration**: Approximately 6 hours (including travel time)
- **Meeting Point**: We arrange pickup from your accommodation in Ubud area at around 2:00 AM to ensure a timely start for the hike. If your clients are staying elsewhere, that can also be arranged.
- **Start Time**: The hike begins around 3:30 AM, allowing ample time to reach the summit for sunrise.
- **Return Time**: Your clients should be back at their accommodation by 8:00 AM, give or take, depending on the pace.

### What's Included:
- **Transportation**: Round-trip transportation from the accommodation.
- **Guide Services**: An experienced, English-speaking local guide.
- **Snacks and Drinks**: Light breakfast at the summit (usually includes a sandwich, boiled eggs cooked in volcanic steam, fruit, and bottled water).
- **Entrance Fees**: All necessary permits and entrance fees to Mount Batur area.

### Pricing:
- **Standard Rate**: $85 per person, which totals $340 for 4 participants.

Given your client's budget of $300, I can offer a slight discount. Here's what I can propose:
- **Discounted Rate**: $76 per person, bringing the total to $304 for the group. This is the best rate I can offer while ensuring quality service.

### Special Requirements:
- **Fitness Level**: Participants should be moderately fit as the hike involves a steady incline.
- **Attire**: Comfortable hiking shoes, warm clothing for the summit, and a rain jacket just in case.

Please let me know if this fits within your client's preferences. I'm more than happy to assist further or answer any additional questions you might have. Looking forward to making this a memorable experience for your clients!
2025-04-18 18:40:37,214 - INFO - [guide_manager.py:246] - Continuing conversation with guide Made Wirawan
2025-04-18 18:40:37,215 - INFO - [cli.py:43] - Thank you for your generous offer of a discounted rate of $76 per person, totaling $304 for the group. My clients have a strict budget of $300 for this activity. I understand this is a small difference, but would it be possible to adjust the total to meet their budget of $300? This would greatly help ensure they choose your guiding service. I appreciate your understanding and cooperation.
2025-04-18 18:40:37,217 - INFO - [guide_manager.py:248] - Message sent to guide: Thank you for your generous offer of a discounted rate of $76 per person, totaling $304 for the group. My clients have a strict budget of $300 for this activity. I understand this is a small difference, but would it be possible to adjust the total to meet their budget of $300? This would greatly help ensure they choose your guiding service. I appreciate your understanding and cooperation.
2025-04-18 18:40:40,281 - INFO - [cli.py:43] - I completely understand the need to work within a strict budget, and I'm here to help make this experience possible for your clients. I can adjust the total cost to meet the $300 budget for your group. This would effectively be $75 per person.

I'll ensure that your clients receive the same high-quality service and memorable experience on their sunrise hike at Mount Batur. Please feel free to reach out if you have any further questions or need assistance with the booking process. Looking forward to providing an unforgettable adventure for your clients!
2025-04-18 18:41:07,065 - INFO - [guide_manager.py:246] - Continuing conversation with guide Made Wirawan
2025-04-18 18:41:07,065 - INFO - [cli.py:43] - Thank you for accommodating our client's budget and adjusting the rate to $75 per person. We are ready to proceed with the booking. Could you please confirm the availability for the date requested, August 15, 2025? Additionally, please let me know if there are any further details or steps needed to finalize the booking. Looking forward to working with you to provide a fantastic experience for our clients.
2025-04-18 18:41:07,068 - INFO - [guide_manager.py:248] - Message sent to guide: Thank you for accommodating our client's budget and adjusting the rate to $75 per person. We are ready to proceed with the booking. Could you please confirm the availability for the date requested, August 15, 2025? Additionally, please let me know if there are any further details or steps needed to finalize the booking. Looking forward to working with you to provide a fantastic experience for our clients.
2025-04-18 18:41:13,660 - INFO - [cli.py:43] - Thank you for proceeding with the booking. I'm pleased to confirm that we have availability for the sunrise hike at Mount Batur on August 15, 2025. Here are the next steps to finalize the booking:

### Confirmation Details:
1. **Client Information**: Please provide the names of the participants and the accommodation address in Ubud (or elsewhere) for pickup arrangements.

2. **Contact Information**: A contact number for one of the participants or your own, in case of any last-minute updates or changes.

3. **Payment**: A deposit of 20% is required to secure the booking, with the remaining balance due on the day of the hike. Payment can be made via bank transfer or through a secure online payment link, which I can provide upon request.

4. **Dietary Restrictions**: Let us know if there are any dietary restrictions or preferences for the light breakfast we provide.

5. **Emergency Contact**: Please provide an emergency contact person and number.

Once I receive the required information and deposit, I will send a detailed confirmation email with all necessary details, including meeting points and contact information for the guide.

If there are any further questions or special requests, feel free to let me know. I'm here to ensure your clients have a seamless and enjoyable experience. Looking forward to working together and providing your clients with a memorable sunrise adventure!
2025-04-18 18:41:36,318 - INFO - [guide_manager.py:255] - Guide Made Wirawan asked traveler: Hi, to finalize the booking for the Mount Batur sunrise hike, could you please provide the following details: 1) Names of the 4 participants, 2) Accommodation address for pickup, 3) A contact number for one of the participants or yourself, 4) Any dietary restrictions or preferences for the breakfast. Additionally, an emergency contact person and number would be helpful. Once I have this information, we can proceed with securing the booking. Thank you!
2025-04-18 18:41:45,971 - INFO - [cli.py:43] - The guides had the following questions about your trip:
- Hi, to finalize the booking for the Mount Batur sunrise hike, could you please provide the following details: 1) Names of the 4 participants, 2) Accommodation address for pickup, 3) A contact number for one of the participants or yourself, 4) Any dietary restrictions or preferences for the breakfast. Additionally, an emergency contact person and number would be helpful. Once I have this information, we can proceed with securing the booking. Thank you!

Please provide answers to help us negotiate the best deal for you.
2025-04-18 18:41:48,479 - INFO - [cli.py:43] - Sure thing! Here's the info they need:

1) Names of participants: Alex, Jamie, Taylor, and Jordan.
2) Accommodation address: We're staying at Bali Dream Villa, Jl. Bidadari No.108X, Seminyak.
3) Contact number: You can use mine, +6281234567890.
4) Dietary restrictions/preferences: Taylor is vegetarian, so a veggie option for breakfast would be great!

And for the emergency contact:
- Name: Sam Roberts
- Number: +628987654321

Let me know if there's anything else! 😊
2025-04-18 18:41:52,164 - INFO - [cli.py:43] - Thank you, we've got all we need. We'll get to work!
2025-04-18 18:42:01,592 - INFO - [guide_manager.py:255] - Guide Made Wirawan asked traveler: Hi, to proceed with finalizing your sunrise hike at Mount Batur, could you please provide the following information:
1. Names of all participants
2. Accommodation address in Ubud or elsewhere for pickup arrangements
3. A contact number for one of the participants or yourself
4. Any dietary restrictions or preferences for the light breakfast
5. An emergency contact person and number

Once I have this information, we can confirm the booking with the guide. Thank you!
2025-04-18 18:43:47,021 - INFO - [cli.py:43] - The guides had the following questions about your trip:
- Hi, to proceed with finalizing your sunrise hike at Mount Batur, could you please provide the following information:
1. Names of all participants
2. Accommodation address in Ubud or elsewhere for pickup arrangements
3. A contact number for one of the participants or yourself
4. Any dietary restrictions or preferences for the light breakfast
5. An emergency contact person and number

Once I have this information, we can confirm the booking with the guide. Thank you!

Please provide answers to help us negotiate the best deal for you.
2025-04-18 18:43:49,621 - INFO - [cli.py:43] - Looks like they need the same info again! No worries, here it is:

1. Names of participants: Alex, Jamie, Taylor, and Jordan.
2. Accommodation address: We're at Bali Dream Villa, Jl. Bidadari No.108X, Seminyak.
3. Contact number: Mine is +6281234567890.
4. Dietary restrictions/preferences: Taylor's vegetarian, so if there’s a veggie breakfast option, that'd be awesome.
5. Emergency contact: Sam Roberts, +628987654321.

Hope that helps! 😊
2025-04-18 18:43:54,232 - INFO - [cli.py:43] - Thank you, we've got all we need. We'll get to work!
