2025-04-18 18:23:05,933 - INFO - [__init__.py:6] - Initializing settings
2025-04-18 18:23:08,886 - INFO - [cli.py:43] - Hello, I'm Trippy. I'll help you negotiate the best deal for your trip. What do you want to do?
2025-04-18 18:23:10,281 - INFO - [cli.py:43] - Hey Trippy! I'm planning to go hiking at Mount Batur for sunrise in Bali. Trying to get a good deal for that. Any suggestions?
2025-04-18 18:23:12,875 - INFO - [cli.py:43] - That sounds like an amazing adventure! To help you get the best deal, could you let me know how many people will be joining you on the hike? Also, do you have a specific budget in mind for this trip?
2025-04-18 18:23:14,767 - INFO - [cli.py:43] - Yeah, there will be 4 of us going on the hike. We've got a budget of around $300, looking for the best value we can get.
2025-04-18 18:23:17,310 - INFO - [cli.py:43] - That sounds like a great plan! Do you have a specific start time in mind for your hike, or are you flexible with that? Also, when do you need to have everything finalized by? This will help us make sure you get the best deal in time.
2025-04-18 18:23:18,860 - INFO - [cli.py:43] - We're planning to start the hike at 5:00 AM on August 15, 2025. As for finalizing everything, we've got until July 15, 2025, to sort it out. Trying to make sure we get a good deal without cutting it too close, you know?
2025-04-18 18:23:22,146 - INFO - [cli.py:43] - That sounds like a well-planned trip! Do you already have a guide in mind for the hike, or do you need to reach out to someone for their contact details? Having a guide can really enhance the experience, especially for a sunrise hike!
2025-04-18 18:23:23,546 - INFO - [cli.py:43] - Yeah, we've got a guide in mind. His name's Made Wirawan. I've got his contact number as well, so I can reach out when we're ready to confirm. Definitely think having a local guide will make it more enjoyable!
2025-04-18 18:23:25,218 - INFO - [cli.py:43] - 📋 Here's a summary of your trip information:
🎯 Activity: Hiking at sunrise
📍 Location: Mount Batur, Bali
📅 Start Time: 2025-08-15T05:00:00+08:00
⏱️ Negotiation Deadline: 2025-07-15T00:00:00+08:00
👥 Number of Participants: 4
💰 Budget: 300

Guide Contacts:
  • Made Wirawan: [User to provide contact number]

Preferences:
  • Price Vs Value: best_value

Is all of this information correct? Please review it carefully.
If everything looks good, please confirm. If anything needs to be changed, please let me know what needs to be corrected.
2025-04-18 18:23:26,425 - INFO - [cli.py:43] - Looks good to me! Haha, I've got Made Wirawan's number, it's +6281234567890. Everything matches up with what we're planning, so let's go with it. Thanks for the help!
2025-04-18 18:23:30,496 - INFO - [cli.py:43] - Thank you, we've got all we need. We'll get to work!
2025-04-18 18:23:30,583 - INFO - [cli.py:43] - Hello, I am a travel agent working on behalf of a client. They are interested in: Hiking at sunrise at Mount Batur, Bali. They would like to do this starting at 2025-08-15T05:00:00+08:00 with 4 participants. Their budget is 300. Can you help with this request? Please let me know if this is possible, what services you can provide, and your pricing. Thank you.
2025-04-18 18:23:44,871 - INFO - [cli.py:43] - Hello! Thank you for reaching out with your inquiry about a sunrise hiking experience at Mount Batur. I'd be delighted to assist you in planning this unforgettable adventure for your clients.

**Hiking Mount Batur - Sunrise Experience**

**Date & Time:** August 15, 2025, starting at 5:00 AM.

**Group Size:** 4 participants.

**Meeting Point:** Typically, we arrange pick-up from your clients' accommodation in the Ubud area or nearby, starting around 2:00 AM to ensure they reach the base of Mount Batur well before sunrise. If they are staying outside this area, please let me know, and we can arrange transportation accordingly.

**Duration:** Approximately 10 hours (including travel time).

**Included Services:**
- Round-trip transportation from the accommodation to Mount Batur.
- An experienced, English-speaking local guide.
- Entry fee to Mount Batur Geopark.
- Light breakfast at the summit (usually includes boiled eggs cooked in volcanic steam, bread, fresh fruit, and hot tea or coffee).
- Flashlights/torches for the trek.
- Bottled water.
- Insurance coverage for the hike.

**Special Requirements:**
- Participants should be in good physical condition; the hike is of moderate difficulty, with some steep sections.
- Recommended to wear comfortable hiking shoes and bring a jacket, as it can be chilly at the summit before sunrise.

**Pricing:**
- Our standard rate for this experience is $100 per person. For a group of 4, this would typically be $400.
- However, given the budget of $300, I can offer a 10% discount, bringing the total to $360 for the group. This is the best rate we can offer while ensuring quality and safety during the hike.

Please let me know if this arrangement suits your client's preferences or if there are any adjustments needed. We are committed to providing a memorable and safe experience atop Mount Batur. Feel free to contact me with any further questions or to confirm the booking.

Thank you!
2025-04-18 18:23:49,992 - INFO - [guide_manager.py:244] - Continuing conversation with guide Made Wirawan
2025-04-18 18:23:49,992 - INFO - [cli.py:43] - Thank you for the detailed offer. I appreciate the discount you've provided. However, my client's budget is strictly $300 for the group. Is there any possibility to adjust the package or offer a further discount to meet this budget? Perhaps we could discuss options like excluding the light breakfast or arranging our own transportation to reduce costs. I look forward to your suggestion on how we can make this work.
2025-04-18 18:23:49,993 - INFO - [guide_manager.py:246] - Message sent to guide: Thank you for the detailed offer. I appreciate the discount you've provided. However, my client's budget is strictly $300 for the group. Is there any possibility to adjust the package or offer a further discount to meet this budget? Perhaps we could discuss options like excluding the light breakfast or arranging our own transportation to reduce costs. I look forward to your suggestion on how we can make this work.
2025-04-18 18:23:56,028 - INFO - [cli.py:43] - Thank you for considering our offer. I understand the need to accommodate your client's budget, and I'm happy to explore ways to make this experience fit within their financial constraints while still ensuring a great adventure.

Here are a couple of options to consider:

1. **Excluding Transportation:**
   - If your clients can arrange their own transportation to and from Mount Batur, we can reduce the cost. This would lower the package price by approximately $40, bringing it to $320.

2. **Excluding Light Breakfast:**
   - Should your clients prefer to bring their own snacks or breakfast, we can exclude the light breakfast at the summit. This adjustment would reduce the price by $10 per person, saving $40 in total.

Combining both options, the total cost would come down to $280, which aligns with your client's budget of $300.

Please let me know if either of these adjustments works for your client's needs or if there's anything else you'd like to discuss. I'm here to ensure a positive and memorable experience for your clients.
2025-04-18 18:27:04,096 - INFO - [guide_manager.py:253] - Guide Made Wirawan asked traveler: Hello! I've been negotiating a deal for your sunrise hike at Mount Batur. To meet your budget of $300, the guide has offered to exclude transportation and breakfast, which brings the cost to $280. Can your group arrange your own transport to and from Mount Batur and bring your own breakfast? Let me know as soon as possible so I can confirm the booking. Thank you!
2025-04-18 18:27:04,097 - INFO - [cli.py:43] - The guides had the following questions about your trip:
- Hello! I've been negotiating a deal for your sunrise hike at Mount Batur. To meet your budget of $300, the guide has offered to exclude transportation and breakfast, which brings the cost to $280. Can your group arrange your own transport to and from Mount Batur and bring your own breakfast? Let me know as soon as possible so I can confirm the booking. Thank you!

Please provide answers to help us negotiate the best deal for you.
2025-04-18 18:27:05,959 - INFO - [cli.py:43] - Hey! Hmm, excluding transportation and breakfast... I think we might be able to handle that. We can probably sort out our own ride and pack some snacks or something. Let me double-check with the group, but I think we can make it work. I'll get back to you soon!
