2025-04-22 14:37:48,913 - INFO - [__init__.py:7] - Initializing settings
2025-04-22 14:37:51,406 - INFO - [cli.py:45] - assistant: Hello, I'm Trippy. I'll help you negotiate the best deal for your trip. What do you want to do?
2025-04-22 14:37:52,703 - INFO - [cli.py:45] - user: Hey Trippy! I'm planning a hiking trip to Mount Batur at sunrise in Bali. Need to make sure it's all sorted out!
2025-04-22 14:37:55,359 - INFO - [cli.py:45] - assistant: That sounds like an amazing adventure! To make sure everything goes smoothly, how many people will be joining you on the hike? And do you have a budget in mind for this trip?
2025-04-22 14:37:56,233 - INFO - [cli.py:45] - user: Yeah, it's gonna be awesome! There'll be four of us going on the hike. As for budget, we're aiming to keep it under $300 total.
2025-04-22 14:37:59,646 - INFO - [cli.py:45] - assistant: That sounds like a great plan! To make sure everything is perfectly timed, do you have a specific start time in mind for the hike? Also, do you already have contact details for a guide, or will you be arranging that soon?
2025-04-22 14:38:00,954 - INFO - [cli.py:45] - user: We're looking to start the hike at 5:00 AM for the sunrise views. I do have contact details for a guide already, Made Wirawan. If you need his number, it's +6281234567890.
2025-04-22 14:38:04,149 - INFO - [cli.py:45] - assistant: Great, starting at 5:00 AM sounds perfect for catching that beautiful sunrise! Just to make sure we have everything ready in time, do you have a deadline for when you'd like to have all the arrangements finalized?
2025-04-22 14:38:05,383 - INFO - [cli.py:45] - user: I'd like to have everything sorted by July 15th, just to be safe. Gives us a bit of a buffer before the actual hike in mid-August. 😊
2025-04-22 14:38:06,920 - INFO - [cli.py:45] - assistant: 📋 Here's a summary of your trip information:
🎯 Activity: Hiking trip to Mount Batur at sunrise
📍 Location: Mount Batur, Bali
📅 Start Time: 2023-10-15T05:00:00+08:00
⏱️ Negotiation Deadline: 2023-07-15T00:00:00+08:00
👥 Number of Participants: 4
💰 Budget: 300

Guide Contacts:
  • Made Wirawan: +6281234567890

Is all of this information correct? Please review it carefully.
If everything looks good, please confirm. If anything needs to be changed, please let me know what needs to be corrected.
2025-04-22 14:38:09,248 - INFO - [cli.py:45] - user: Almost all good, but just a tiny correction on the dates. The start time should be 2025-08-15T05:00:00+08:00, and the negotiation deadline is 2025-07-15T00:00:00+08:00. Everything else looks spot on. Thanks for the summary! 😊
2025-04-22 14:38:11,528 - INFO - [cli.py:45] - assistant: I've updated your information. Let me show you the new summary.
2025-04-22 14:38:11,529 - INFO - [cli.py:45] - assistant: 📋 Here's a summary of your trip information:
🎯 Activity: Hiking trip to Mount Batur at sunrise
📍 Location: Mount Batur, Bali
📅 Start Time: 2025-08-15T05:00:00+08:00
⏱️ Negotiation Deadline: 2025-07-15T00:00:00+08:00
👥 Number of Participants: 4
💰 Budget: 300

Guide Contacts:
  • Made Wirawan: +6281234567890

Is all of this information correct? Please review it carefully.
If everything looks good, please confirm. If anything needs to be changed, please let me know what needs to be corrected.
2025-04-22 14:38:12,367 - INFO - [cli.py:45] - user: Yep, that looks perfect now! Thanks for updating the dates. Let's go ahead with this information. 😊
2025-04-22 14:38:15,009 - INFO - [cli.py:45] - assistant: Thank you, we've got all we need. We'll get to work!
2025-04-22 14:38:15,096 - INFO - [cli.py:45] - assistant: Hello, I am a travel agent working on behalf of a client. They are interested in: Hiking trip to Mount Batur at sunrise at Mount Batur, Bali. They would like to do this starting at 2025-08-15T05:00:00+08:00 with 4 participants. Their budget is 300. Can you help with this request? Please let me know if this is possible, what services you can provide, and your pricing. Thank you.
2025-04-22 14:38:21,151 - INFO - [cli.py:45] - guide: Hello! I'd be delighted to help with your client's request for a sunrise hiking trip to Mount Batur in Bali. This is one of the most popular activities in the area, offering stunning views and a memorable experience.

**Mount Batur Sunrise Hike Details:**

- **Meeting Point:** Typically, we pick up participants from their accommodation within the Ubud area around 1:30 AM to 2:00 AM, depending on the exact location. If your clients are staying outside Ubud, we can arrange a different pickup point or time.

- **Duration:** The entire experience lasts about 10 hours, including travel time. The hike itself takes about 2 hours to reach the summit in time for sunrise, and another 2 hours to descend.

- **What's Included:**
  - Round-trip transportation from and to your accommodation in a comfortable vehicle.
  - An experienced local guide to lead the hike.
  - Flashlights/torches for each participant.
  - Breakfast at the summit, usually consisting of eggs boiled in the volcanic steam, bread, and fruit.
  - Entrance fees to Mount Batur.

- **Pricing:** The standard price for this tour is $85 per person, which totals $340 for 4 participants. However, I can offer a 10% discount for your group, bringing the total down to $306.

- **Requirements:** Participants should have a moderate level of fitness, as the trail can be steep and uneven in places. We recommend wearing comfortable hiking shoes and bringing a jacket, as it can be chilly at the summit before sunrise.

If the proposed schedule and pricing work for your clients, please let me know so I can reserve the spots for them. If you have any other questions or if there's anything else I can assist with, feel free to ask!
2025-04-22 14:38:26,036 - INFO - [guide_manager.py:256] - Continuing conversation with guide Made Wirawan
2025-04-22 14:38:26,036 - INFO - [cli.py:45] - assistant: Thank you for the detailed information and the generous discount offer. However, my client has a strict budget of $300 for this trip. Can we perhaps work out a further discount or adjustment to meet this budget? Additionally, could you please confirm the exact starting location for the hike? This information will be crucial for my client's planning. Thank you for your assistance!
2025-04-22 14:38:28,460 - INFO - [cli.py:45] - guide: I understand your client's budget constraints, and I'll do my best to accommodate. I can offer a further discount to bring the total cost down to $300 for the group. This means each participant would pay $75.

Regarding the starting location for the hike, the exact starting point is at the base of Mount Batur, in the village of Toya Bungkah. If your clients are staying in the Ubud area, our transportation service will pick them up directly from their accommodation and drive them to this starting point. If they are staying outside of the Ubud area, please let me know, and I can provide guidance on how to arrange transportation or adjust the pickup location accordingly.

Let me know if this adjustment works for your client's budget and if there's anything else I can assist with to ensure a smooth experience.
2025-04-22 14:38:31,728 - INFO - [guide_manager.py:256] - Continuing conversation with guide Made Wirawan
2025-04-22 14:38:31,728 - INFO - [cli.py:45] - assistant: Thank you for accommodating my client's budget and providing the detailed information. The adjustment to $300 for the group is perfect, and the starting location and transportation details are clear. Please proceed with reserving the spots for the hiking trip on 2025-08-15. I appreciate your assistance and look forward to confirming the booking.
2025-04-22 14:38:33,645 - INFO - [cli.py:45] - guide: You're welcome, and I'm glad we could make this work for your client! I'll go ahead and reserve the spots for the Mount Batur sunrise hike on August 15, 2025. Once the reservation is confirmed, I'll send you all the necessary details, including the itinerary and any additional instructions your clients might need.

If you need any further assistance or have additional requests, feel free to reach out. Thank you for choosing our services, and I hope your clients have a memorable experience at Mount Batur!
