2025-04-22 14:11:34,134 - INFO - [__init__.py:7] - Initializing settings
2025-04-22 14:11:36,860 - INFO - [cli.py:45] - Hello, I'm Trippy. I'll help you negotiate the best deal for your trip. What do you want to do?
2025-04-22 14:11:38,589 - INFO - [cli.py:45] - Hey Trippy! So, I'm planning to go on a hike up Mount Batur to catch the sunrise. Got any tips on how we could get the best deal for this adventure?
2025-04-22 14:11:42,319 - INFO - [cli.py:45] - That sounds like an amazing adventure! To help you get the best deal, could you let me know how many people will be joining you on the hike? Also, do you have a specific budget in mind for this trip?
2025-04-22 14:11:43,690 - INFO - [cli.py:45] - Hey! Yeah, it should be awesome! There'll be 4 of us going on the hike. We're trying to keep it within a budget of $300 if possible. Any ideas on getting the best bang for our buck?
2025-04-22 14:11:46,762 - INFO - [cli.py:45] - That sounds like a great plan! To make sure everything goes smoothly, do you have a specific start time in mind for the hike? Also, have you already been in touch with any guides, or do you have someone in mind to lead the way?
2025-04-22 14:11:48,094 - INFO - [cli.py:45] - Hey! Yeah, we're planning to start the hike at around 5 AM to catch the sunrise. I haven't reached out to any guides yet, but I do have Made Wirawan's contact info. I guess I should get in touch soon, right?
2025-04-22 14:11:52,767 - INFO - [cli.py:45] - Absolutely, reaching out to Made Wirawan soon would be a great idea to ensure he's available. Just to help you plan better, do you have a specific date in mind for when you'd like to finalize all the arrangements?
2025-04-22 14:11:54,063 - INFO - [cli.py:45] - Hey, yeah, I should definitely reach out to Made pretty soon. I'd like to have everything sorted by July 15th, just to make sure we don't run into any last-minute issues. Got any tips on what to ask him when I get in touch?
2025-04-22 14:11:55,822 - INFO - [cli.py:45] - 📋 Here's a summary of your trip information:
🎯 Activity: Hike up Mount Batur to catch the sunrise
📍 Location: Mount Batur
📅 Start Time: 2023-10-15T05:00:00+08:00
⏱️ Negotiation Deadline: 2023-07-15T00:00:00+08:00
👥 Number of Participants: 4
💰 Budget: 300

Guide Contacts:
  • Made Wirawan: [User to provide contact details]

Is all of this information correct? Please review it carefully.
If everything looks good, please confirm. If anything needs to be changed, please let me know what needs to be corrected.
2025-04-22 14:11:57,213 - INFO - [cli.py:45] - Oh, just a couple things need fixing there. The start date for the hike should be 2025-08-15, not 2023. Also, I've got Made Wirawan's contact details: +6281234567890. Other than that, looks good to me! 😊
2025-04-22 14:11:59,667 - INFO - [cli.py:45] - I've updated your information. Let me show you the new summary.
2025-04-22 14:11:59,668 - INFO - [cli.py:45] - 📋 Here's a summary of your trip information:
🎯 Activity: Hike up Mount Batur to catch the sunrise
📍 Location: Mount Batur
📅 Start Time: 2025-08-15T05:00:00+08:00
⏱️ Negotiation Deadline: 2023-07-15T00:00:00+08:00
👥 Number of Participants: 4
💰 Budget: 300

Guide Contacts:
  • Made Wirawan: +6281234567890

Is all of this information correct? Please review it carefully.
If everything looks good, please confirm. If anything needs to be changed, please let me know what needs to be corrected.
2025-04-22 14:12:00,619 - INFO - [cli.py:45] - Oops, looks like the negotiation deadline is still showing 2023. It should be 2025-07-15 instead. Everything else looks perfect, though! 😊
2025-04-22 14:12:03,558 - INFO - [cli.py:45] - I've updated your information. Let me show you the new summary.
2025-04-22 14:12:03,560 - INFO - [cli.py:45] - 📋 Here's a summary of your trip information:
🎯 Activity: Hike up Mount Batur to catch the sunrise
📍 Location: Mount Batur
📅 Start Time: 2025-08-15T05:00:00+08:00
⏱️ Negotiation Deadline: 2025-07-15T00:00:00+08:00
👥 Number of Participants: 4
💰 Budget: 300

Guide Contacts:
  • Made Wirawan: +6281234567890

Is all of this information correct? Please review it carefully.
If everything looks good, please confirm. If anything needs to be changed, please let me know what needs to be corrected.
2025-04-22 14:12:04,341 - INFO - [cli.py:45] - Yep, everything looks perfect now! Thanks for sorting that out. 😊
2025-04-22 14:12:06,836 - INFO - [cli.py:45] - Thank you, we've got all we need. We'll get to work!
2025-04-22 14:12:06,917 - INFO - [cli.py:45] - Hello, I am a travel agent working on behalf of a client. They are interested in: Hike up Mount Batur to catch the sunrise at Mount Batur. They would like to do this starting at 2025-08-15T05:00:00+08:00 with 4 participants. Their budget is 300. Can you help with this request? Please let me know if this is possible, what services you can provide, and your pricing. Thank you.
2025-04-22 14:12:16,555 - INFO - [cli.py:45] - Hello,

Thank you for reaching out. I'm delighted to assist with your client's interest in hiking Mount Batur to catch the sunrise. This is a fantastic experience that offers stunning views and a memorable adventure.

**Mount Batur Sunrise Hike Details:**

- **Meeting Point:** We will meet at the base of Mount Batur, specifically at the designated parking area in Toya Bungkah village. It's essential that participants arrive by 3:00 AM to ensure we reach the summit in time for sunrise.

- **Duration:** The hike typically takes about 4-5 hours in total, including the ascent, time spent at the summit, and descent.

- **What's Included:**
  - Guided hike with a professional local guide.
  - Light breakfast at the summit (usually includes boiled eggs cooked in volcanic steam, bread, and hot tea or coffee).
  - Flashlights and trekking poles.
  - Transportation can be arranged from your client's accommodation in the Ubud area to the starting point and back, if needed.

- **Pricing:** The total cost for a private guided hike with the above inclusions is typically $400 for 4 participants.

Given your client's budget of $300, I can offer a 10% discount, bringing the price down to $360. This is the best rate I can provide without compromising on the quality and safety of the experience.

**Special Requirements:**
- Participants should wear comfortable hiking shoes, layered clothing suitable for cooler early morning temperatures, and bring a bottle of water.
- A moderate level of fitness is recommended as the hike involves some steep sections.

Please let me know if there's anything else I can assist with or if your clients have any specific needs or requests. I'm here to help make their hike a memorable experience!

Best regards,

[Your Name]
Local Travel Guide
2025-04-22 14:12:21,218 - INFO - [guide_manager.py:256] - Continuing conversation with guide Made Wirawan
2025-04-22 14:12:21,218 - INFO - [cli.py:45] - Hello Made,

Thank you for the details and the generous offer. I understand the importance of maintaining quality and safety, and I appreciate the discount you have provided. However, my client's budget is $300. Is there any possibility to adjust the package or services to meet this budget? For example, they may not require transportation if it helps to lower the cost. Any flexibility you can offer would be greatly appreciated as we aim to secure this experience within their budgetary constraints.

Thank you for your understanding and assistance.

Best regards,
[Your Name]
2025-04-22 14:12:21,219 - INFO - [guide_manager.py:258] - Message sent to guide: Hello Made,

Thank you for the details and the generous offer. I understand the importance of maintaining quality and safety, and I appreciate the discount you have provided. However, my client's budget is $300. Is there any possibility to adjust the package or services to meet this budget? For example, they may not require transportation if it helps to lower the cost. Any flexibility you can offer would be greatly appreciated as we aim to secure this experience within their budgetary constraints.

Thank you for your understanding and assistance.

Best regards,
[Your Name]
2025-04-22 14:12:28,440 - INFO - [cli.py:45] - Hello,

Thank you for your understanding and for providing more information about your client's preferences. I completely understand the need to work within a budget, and I'm happy to explore options to make this experience feasible for your clients.

Here's how we can adjust the package to better fit the $300 budget:

- **Transportation:** Removing the transportation service from Ubud will help reduce costs. Assuming your clients have their own means of reaching the meeting point at Toya Bungkah village, we can exclude this from the package.

- **Pricing Adjustment:** With the transportation excluded, the adjusted cost for the guided hike, including the light breakfast, flashlights, and trekking poles, would be $330. With a 10% discount, the final price can be brought down to $297, which fits within your client's budget.

Please confirm if this adjustment works for your clients, or if there are any other aspects you'd like to discuss or modify. I'm here to ensure your clients have a memorable and enjoyable experience at Mount Batur.

Thank you for your patience and collaboration.

Best regards,

Made
Local Travel Guide
2025-04-22 14:12:38,374 - INFO - [guide_manager.py:256] - Continuing conversation with guide Made Wirawan
2025-04-22 14:12:38,374 - INFO - [cli.py:45] - Hello Made,

Thank you for accommodating our budget by adjusting the package. I am pleased to confirm that the $297 package without transportation meets our requirements. Please proceed with the booking for 4 participants on the specified date, starting at 5:00 AM. Kindly let us know if you need any more information or if there are any additional steps to confirm the booking.

Best regards,
[Your Name]
2025-04-22 14:12:38,375 - INFO - [guide_manager.py:258] - Message sent to guide: Hello Made,

Thank you for accommodating our budget by adjusting the package. I am pleased to confirm that the $297 package without transportation meets our requirements. Please proceed with the booking for 4 participants on the specified date, starting at 5:00 AM. Kindly let us know if you need any more information or if there are any additional steps to confirm the booking.

Best regards,
[Your Name]
2025-04-22 14:12:45,341 - INFO - [cli.py:45] - Hello,

Thank you for confirming the booking. I'm delighted to have the opportunity to guide your clients on this memorable Mount Batur sunrise hike. Here are the next steps to finalize the booking:

1. **Participant Information:** Please provide the names and contact details for the four participants. This will help us with any necessary coordination and for safety purposes.

2. **Payment:** To secure the booking, we require a 20% deposit of the total cost, which amounts to $59.40. The remaining balance can be paid on the day of the hike. I will provide the payment details via email, or we can arrange a secure payment link if that's more convenient for you.

3. **Meeting Instructions:** Please remind the participants to arrive at the Toya Bungkah village parking area by 3:00 AM to ensure a timely start. They should come prepared with comfortable hiking shoes, layered clothing, and a bottle of water.

Feel free to reach out if you need any more information or assistance with the booking process. I'm looking forward to providing your clients with an exceptional experience on Mount Batur.

Best regards,

Made
Local Travel Guide
2025-04-22 14:12:49,429 - INFO - [guide_manager.py:266] - Guide Made Wirawan asked traveler: Hello, I hope you're doing well. To proceed with the booking for the Mount Batur sunrise hike, could you please provide the names and contact details of the four participants? Additionally, let me know your preferred method for the deposit payment: would you like to receive a payment link, or should we arrange via email? Thank you!
2025-04-22 14:12:49,430 - INFO - [cli.py:45] - The guides had the following questions about your trip:
- Hello, I hope you're doing well. To proceed with the booking for the Mount Batur sunrise hike, could you please provide the names and contact details of the four participants? Additionally, let me know your preferred method for the deposit payment: would you like to receive a payment link, or should we arrange via email? Thank you!

Please provide answers to help us negotiate the best deal for you.
2025-04-22 14:12:51,718 - INFO - [cli.py:45] - Hey! Sure, I can provide the names and contact details for all of us. Here they are:

1. Me - [Your Name] - [Your Contact Info]
2. Friend 1 - [Friend's Name] - [Friend's Contact Info]
3. Friend 2 - [Friend's Name] - [Friend's Contact Info]
4. Friend 3 - [Friend's Name] - [Friend's Contact Info]

As for the deposit payment, I think a payment link would be convenient. Thanks for helping to sort this out! 😊
2025-04-22 14:12:56,472 - INFO - [cli.py:45] - Thank you, we've got all we need. We'll get to work!
2025-04-22 14:13:00,824 - INFO - [guide_manager.py:266] - Guide Made Wirawan asked traveler: Could you please provide the full names and contact details of the participants for the Mount Batur hike? Additionally, please confirm if you would like to proceed with the payment via a secure payment link, as the guide has offered this option. This will help us finalize the booking efficiently. Thank you!
2025-04-22 14:13:00,824 - INFO - [cli.py:45] - The guides had the following questions about your trip:
- Could you please provide the full names and contact details of the participants for the Mount Batur hike? Additionally, please confirm if you would like to proceed with the payment via a secure payment link, as the guide has offered this option. This will help us finalize the booking efficiently. Thank you!

Please provide answers to help us negotiate the best deal for you.
2025-04-22 14:13:02,948 - INFO - [cli.py:45] - Hey again! Sure thing, I'll provide the full names and contact details for us four:

1. Me - [Your Full Name] - [Your Contact Info]
2. Friend 1 - [Friend 1's Full Name] - [Friend 1's Contact Info]
3. Friend 2 - [Friend 2's Full Name] - [Friend 2's Contact Info]
4. Friend 3 - [Friend 3's Full Name] - [Friend 3's Contact Info]

And yes, let's go ahead with the secure payment link for the deposit. Sounds like the easiest way to handle it. Thanks so much! 😊
2025-04-22 14:13:07,149 - INFO - [cli.py:45] - Thank you, we've got all we need. We'll get to work!
2025-04-22 14:13:11,655 - INFO - [guide_manager.py:256] - Continuing conversation with guide Made Wirawan
2025-04-22 14:13:11,655 - INFO - [cli.py:45] - Hello Made,

Thank you for the detailed instructions. Here are the names of the participants: ['[Your Full Name]', "[Friend 1's Full Name]", "[Friend 2's Full Name]", "[Friend 3's Full Name]"]. Please send the payment link for the deposit of $59.40, as my clients prefer to use that method.

Looking forward to your confirmation.

Best regards,
[Your Name]
2025-04-22 14:13:11,656 - INFO - [guide_manager.py:258] - Message sent to guide: Hello Made,

Thank you for the detailed instructions. Here are the names of the participants: ['[Your Full Name]', "[Friend 1's Full Name]", "[Friend 2's Full Name]", "[Friend 3's Full Name]"]. Please send the payment link for the deposit of $59.40, as my clients prefer to use that method.

Looking forward to your confirmation.

Best regards,
[Your Name]
2025-04-22 14:13:14,937 - INFO - [cli.py:45] - Hello,

Thank you for providing the participant names. Everything is in place for your clients' adventure on Mount Batur. I will send the secure payment link for the deposit of $59.40 to your email shortly. Once the payment is processed, the booking will be confirmed.

Please keep an eye on your inbox for the payment link, and feel free to let me know if you encounter any issues or have additional questions.

Looking forward to ensuring your clients have a wonderful experience on their hike!

Best regards,

Made
Local Travel Guide
