2025-04-22 16:07:33,667 - INFO - [__init__.py:7] - Initializing settings
2025-04-22 16:07:36,596 - INFO - [cli.py:45] - assistant: Hello, I'm Trippy. I'll help you negotiate the best deal for your trip. What do you want to do?
2025-04-22 16:07:39,525 - INFO - [cli.py:45] - user: Hey Trippy! I'm planning on hiking Mount Batur at sunrise in Bali with a few friends. There'll be four of us, and we're looking to get the best value for our money. Our budget is around 300, and we prefer something that's moderately challenging. Can you help with that?
2025-04-22 16:07:42,854 - INFO - [cli.py:45] - assistant: That sounds like an amazing adventure! To make sure everything goes smoothly, do you have a specific start time in mind for your hike? Also, when do you need to have everything finalized by? This will help us make sure you get the best deal in time.
2025-04-22 16:07:44,562 - INFO - [cli.py:45] - user: Yeah, we're aiming to start the hike at 5:00 AM on August 15th, 2025. And we need everything finalized by July 15th, 2025. So, we've got a bit of time to sort things out, but I’d like to get the best deal possible, you know?
2025-04-22 16:07:48,102 - INFO - [cli.py:45] - assistant: That sounds like a great plan! Do you already have a guide in mind for your Mount Batur hike, or do you need any recommendations? If you have a guide, could you share their contact details so we can ensure everything is set up smoothly?
2025-04-22 16:07:49,939 - INFO - [cli.py:45] - user: Yeah, we've got a guide in mind. His name is Made Wirawan, and his contact number is +6281234567890. I've heard good things about him, so hoping he can show us a great time on the hike!
2025-04-22 16:07:51,385 - INFO - [cli.py:45] - assistant: 📋 Here's a summary of your trip information:
🎯 Activity: Hiking Mount Batur at sunrise
📍 Location: Mount Batur, Bali
📅 Start Time: 2025-08-15T05:00:00+08:00
⏱️ Negotiation Deadline: 2025-07-15T00:00:00+08:00
👥 Number of Participants: 4
💰 Budget: 300

Guide Contacts:
  • Made Wirawan: +6281234567890

Preferences:
  • Price Vs Value: best_value

Is all of this information correct? Please review it carefully.
If everything looks good, please confirm. If anything needs to be changed, please let me know what needs to be corrected.
2025-04-22 16:07:53,120 - INFO - [cli.py:45] - user: Looks good to me! Can't wait for the hike. Thanks for putting all of that together! 😊
2025-04-22 16:07:55,522 - INFO - [cli.py:45] - assistant: Thank you, we've got all we need. We'll get to work!
2025-04-22 16:07:55,619 - INFO - [main.py:96] - Running in SIMULATION mode. Guide responses will be generated automatically.
2025-04-22 16:07:55,619 - INFO - [cli.py:45] - assistant: Hello, I am a travel agent working on behalf of a client. They are interested in: Hiking Mount Batur at sunrise at Mount Batur, Bali. They would like to do this starting at 2025-08-15T05:00:00+08:00 with 4 participants. Their budget is 300. Can you help with this request? Please let me know if this is possible, what services you can provide, and your pricing. Thank you.
2025-04-22 16:08:02,335 - INFO - [cli.py:45] - guide: Hello! Thank you for reaching out on behalf of your client. I'd be delighted to assist with their request for a sunrise hike at Mount Batur. This is a popular activity that offers breathtaking views and a memorable experience.

**Mount Batur Sunrise Hike Details:**

1. **Duration:** The hike typically lasts about 4-5 hours. This includes a 2-hour trek to the summit, time at the top to enjoy the sunrise and breakfast, and a 2-hour descent.

2. **Meeting Point:** We offer pick-up services from your client's accommodation in the Ubud area. Pick-up is usually around 2:00 AM to ensure arrival at the base by 3:30 AM. If they are staying outside Ubud, additional arrangements or charges may apply.

3. **Inclusions:**
   - Professional local guide with extensive knowledge of the area.
   - Entrance fees to Mount Batur.
   - Breakfast at the summit (usually consisting of eggs cooked in volcanic steam, bread, and fruit).
   - Drinking water.
   - Flashlights for the hike.

4. **Pricing:** Our standard rate is $85 per person, which totals $340 for 4 participants. However, I can offer a 10% discount for your group, bringing the total to $306.

5. **Special Requirements:** Participants should wear comfortable hiking shoes, a light jacket (as it can be chilly before sunrise), and bring a camera to capture the stunning views. The hike is of moderate difficulty, so a basic level of fitness is required.

6. **Additional Options:** If your clients are interested, we can also arrange for a relaxing visit to a nearby hot spring after the hike for an additional fee.

Please let me know if this aligns with your client's expectations or if there are any adjustments you would like to make. I am here to ensure they have a fantastic experience in Bali!
2025-04-22 16:08:05,303 - INFO - [guide_manager.py:253] - Updated guide information for Made Wirawan
2025-04-22 16:08:11,758 - INFO - [guide_manager.py:414] - Guide Made Wirawan asked traveler: The guide needs some more information to proceed with the booking:

1. Is your budget of 300 for all 4 participants or per person?
2. Would you like to include breakfast after the hike?
3. Do you require transportation to the starting location?
4. Are there any dietary restrictions or preferences for the breakfast?

Please let me know so I can continue negotiating the best deal for you.
2025-04-22 16:08:11,759 - INFO - [cli.py:45] - assistant: The guides had the following questions about your trip:
- The guide needs some more information to proceed with the booking:

1. Is your budget of 300 for all 4 participants or per person?
2. Would you like to include breakfast after the hike?
3. Do you require transportation to the starting location?
4. Are there any dietary restrictions or preferences for the breakfast?

Please let me know so I can continue negotiating the best deal for you.

Please provide answers to help us negotiate the best deal for you.
2025-04-22 16:08:13,902 - INFO - [cli.py:45] - user: Oh, sure! Our budget of 300 is for all 4 of us, not per person. We'd definitely love to include breakfast after the hike—it’s always nice to refuel with something tasty! As for transportation, yeah, we'd appreciate a ride to the starting location if it's possible. There aren't any specific dietary restrictions, but maybe just a mix of options would be great? Thanks for checking up on these details!
2025-04-22 16:08:17,860 - INFO - [cli.py:45] - assistant: Thank you, we've got all we need. We'll get to work!
2025-04-22 16:08:21,179 - INFO - [guide_manager.py:253] - Updated guide information for Made Wirawan
2025-04-22 16:08:26,619 - INFO - [guide_manager.py:405] - Continuing conversation with guide Made Wirawan
2025-04-22 16:08:26,619 - INFO - [cli.py:45] - assistant: Hi Made, thank you for the detailed information. To address your questions:

- The budget of $300 is for all 4 participants.
- Breakfast is to be included after the hike.
- Transportation from the accommodation is required.
- There are no specific dietary restrictions, but a mix of options for breakfast would be appreciated.

Given the budget constraints, could we possibly discuss any further discounts or adjustments to better align with the client's budget? Looking forward to your response.
2025-04-22 16:08:31,002 - INFO - [cli.py:45] - guide: Hello, and thank you for the additional details. I understand the budget constraints and will do my best to accommodate your client's needs.

To work within the $300 budget for the group, we can make a few adjustments:

1. **Pricing Adjustment:** While our standard rate for the group is $340, with the 10% discount applied, it comes to $306. I can offer a slightly larger discount of around 12%, bringing the total cost down to exactly $300. This would be our best offer to maintain the quality of service.

2. **Breakfast Options:** We can certainly provide a mix of breakfast options to cater to different preferences. Typically, the breakfast includes eggs, bread, and fruit, but we can add some local pastries or other simple items to provide variety.

3. **Transportation:** We will provide round-trip transportation from your client's accommodation, included in the adjusted price. Please ensure the accommodation details are provided in advance to coordinate pick-up efficiently.

I hope these adjustments make the offer more suitable for your client. Please let me know if this works for you or if there are any other considerations we should take into account. Looking forward to providing a memorable experience for your clients!
2025-04-22 16:08:35,211 - INFO - [guide_manager.py:253] - Updated guide information for Made Wirawan
2025-04-22 16:08:39,204 - INFO - [guide_manager.py:429] - Negotiation ended for guide Made Wirawan.
2025-04-22 16:08:42,323 - INFO - [guide_manager.py:253] - Updated guide information for Made Wirawan
2025-04-22 16:08:46,270 - INFO - [guide_manager.py:429] - Negotiation ended for guide Made Wirawan.
2025-04-22 16:08:48,571 - INFO - [guide_manager.py:253] - Updated guide information for Made Wirawan
2025-04-22 16:08:53,539 - INFO - [guide_manager.py:429] - Negotiation ended for guide Made Wirawan.
2025-04-22 16:09:02,072 - INFO - [guide_manager.py:253] - Updated guide information for Made Wirawan
2025-04-22 16:09:12,662 - INFO - [guide_manager.py:429] - Negotiation ended for guide Made Wirawan.
2025-04-22 16:09:15,176 - INFO - [guide_manager.py:253] - Updated guide information for Made Wirawan
2025-04-22 16:09:19,443 - INFO - [guide_manager.py:429] - Negotiation ended for guide Made Wirawan.
2025-04-22 16:09:24,987 - INFO - [guide_manager.py:253] - Updated guide information for Made Wirawan
2025-04-22 16:09:29,620 - INFO - [guide_manager.py:429] - Negotiation ended for guide Made Wirawan.
2025-04-22 16:09:32,637 - INFO - [guide_manager.py:253] - Updated guide information for Made Wirawan
