2025-04-22 16:21:02,199 - INFO - [__init__.py:7] - Initializing settings
2025-04-22 16:21:05,151 - INFO - [cli.py:45] - assistant: Hello, I'm Trippy. I'll help you negotiate the best deal for your trip. What do you want to do?
2025-04-22 16:21:06,198 - INFO - [cli.py:45] - user: Hey Trippy! I'm planning a sunrise hike up Mount Batur in Bali. Looking for the best value deal for me and three friends.
2025-04-22 16:21:09,283 - INFO - [cli.py:45] - assistant: That sounds like an amazing adventure! To help you get the best deal, could you let me know what your budget is for the hike? Also, do you have any specific guide contacts in mind that you'd like to use?
2025-04-22 16:21:10,613 - INFO - [cli.py:45] - user: Yeah, I'm aiming to keep it under $300 for the four of us, if possible. And I've got a guide in mind—his name's Made Wirawan.
2025-04-22 16:21:13,484 - INFO - [cli.py:45] - assistant: Great choice with Made Wirawan! To make sure everything goes smoothly, when are you planning to start the hike? Also, do you have a deadline for when you'd like to finalize the deal?
2025-04-22 16:21:14,816 - INFO - [cli.py:45] - user: We're planning to start the hike on August 15th, 2025, right at sunrise, so around 5:00 AM. And I'd like to have everything sorted by July 15th, 2025.
2025-04-22 16:21:16,095 - INFO - [cli.py:45] - assistant: 📋 Here's a summary of your trip information:
🎯 Activity: Sunrise hike
📍 Location: Mount Batur, Bali
📅 Start Time: 2025-08-15T05:00:00+08:00
⏱️ Negotiation Deadline: 2025-07-15T00:00:00+08:00
👥 Number of Participants: 4
💰 Budget: 300

Guide Contacts:
  • Made Wirawan:

Preferences:
  • Price Vs Value: best_value

Is all of this information correct? Please review it carefully.
If everything looks good, please confirm. If anything needs to be changed, please let me know what needs to be corrected.
2025-04-22 16:21:17,372 - INFO - [cli.py:45] - user: Looks good to me! Just to confirm, the guide contact for Made Wirawan is '+6281234567890'. Everything else checks out, thanks!
2025-04-22 16:21:19,989 - INFO - [cli.py:45] - assistant: Thank you, we've got all we need. We'll get to work!
2025-04-22 16:21:20,081 - INFO - [main.py:96] - Running in SIMULATION mode. Guide responses will be generated automatically.
2025-04-22 16:21:20,082 - INFO - [cli.py:45] - assistant: Hello, I am a travel agent working on behalf of a client. They are interested in: Sunrise hike at Mount Batur, Bali. They would like to do this starting at 2025-08-15T05:00:00+08:00 with 4 participants. Their budget is 300. Can you help with this request? Please let me know if this is possible, what services you can provide, and your pricing. Thank you.
2025-04-22 16:21:26,980 - INFO - [cli.py:45] - guide: Hello! Thank you for reaching out. I'd be delighted to assist with your client's request for a Sunrise Hike at Mount Batur in Bali. Here are the details:

**Sunrise Hike at Mount Batur:**

- **Meeting Point:** We'll pick up the participants from their accommodation in the Ubud area around 2:00 AM to ensure they reach the starting point by 3:30 AM. If they're staying outside Ubud, please let us know so we can adjust the pickup time accordingly.

- **Duration:** The hike generally takes about 4-5 hours. Participants should expect to return to their accommodation by 10:00 AM.

- **What's Included:**
  - Round-trip transport from the accommodation.
  - An experienced English-speaking local guide.
  - Light breakfast at the summit, including boiled eggs cooked in volcanic steam and banana sandwiches.
  - Bottled water and a flashlight for the hike.
  - Entrance fees to Mount Batur.

- **Pricing:** The standard price for this excursion is $85 per person, totaling $340 for four participants. However, I can offer a 10% discount, bringing the total to $306. This is slightly above your budget, but it includes all essential services for a safe and enjoyable experience.

- **Special Requirements:** Participants should have a moderate level of fitness and wear comfortable hiking shoes. It's also advisable to bring a warm jacket, as it can be chilly at the summit before sunrise.

Please let me know if this arrangement works for your client, or if there are any other questions or adjustments needed. We aim to provide an unforgettable experience at Mount Batur!
2025-04-22 16:21:33,542 - INFO - [guide_manager.py:430] - Continuing conversation with guide Made Wirawan
2025-04-22 16:21:33,542 - INFO - [cli.py:45] - assistant: Thank you, Made Wirawan, for your detailed offer and the discount. The services provided sound excellent and comprehensive. However, the total is slightly above our client's budget of $300. Is there any possibility to adjust the price slightly further or perhaps include an additional service or amenity to enhance the value for the client? We are keen to ensure the experience is memorable while aligning with the budget. Thank you for your understanding and flexibility.
2025-04-22 16:21:38,268 - INFO - [cli.py:45] - guide: Hello, and thank you for considering our services. I appreciate your efforts to ensure the best experience for your client. While the pricing already reflects a discount, I understand the importance of aligning with your client's budget.

To accommodate your request, I can offer an additional 5% discount on the total, bringing the new total to $289. This would make it comfortably within the $300 budget. Additionally, as a token of appreciation, I can include a complimentary photo package from the trek, capturing moments at the summit, which the participants can cherish as a memory of their adventure.

I hope this adjustment and additional service meet your client's expectations. Please let me know if this works or if there are any further details or questions you have. We are looking forward to creating a memorable experience for them at Mount Batur.
2025-04-22 16:21:49,431 - INFO - [guide_manager.py:456] - Negotiation ended for guide Made Wirawan.
2025-04-22 16:21:54,446 - INFO - [guide_manager.py:456] - Negotiation ended for guide Made Wirawan.
2025-04-22 16:21:58,563 - INFO - [guide_manager.py:456] - Negotiation ended for guide Made Wirawan.
2025-04-22 16:22:03,051 - INFO - [guide_manager.py:456] - Negotiation ended for guide Made Wirawan.
