2025-04-22 17:01:36,132 - INFO - [__init__.py:7] - Initializing settings
2025-04-22 17:01:39,127 - INFO - [cli.py:45] - assistant: Hello, I'm Trippy. I'll help you negotiate the best deal for your trip. What do you want to do?
2025-04-22 17:01:42,035 - INFO - [cli.py:45] - user: Hey Trippy! I'm planning to do a sunrise hike up Mount Batur in Bali with a few friends. There'll be four of us, and we're aiming for a good balance between price and value. The hike should be of moderate difficulty. Can you help with that?
2025-04-22 17:01:45,081 - INFO - [cli.py:45] - assistant: That sounds like an amazing adventure! To help you get the best deal, could you let me know what time you’re planning to start the hike? Also, do you have a specific budget in mind for this trip?
2025-04-22 17:01:46,625 - INFO - [cli.py:45] - user: We're planning to start the hike around 5:00 AM. As for the budget, we're looking at around $300 in total for all four of us. Trying to get the best value for our money, you know?
2025-04-22 17:01:52,138 - INFO - [cli.py:45] - assistant: That sounds like a great plan! Just to make sure we can secure the best deal for you, do you have a specific deadline by which you'd like to finalize the arrangements? Also, do you already have a guide in mind, or would you like to share any contact details for a guide you’re considering?
2025-04-22 17:01:53,610 - INFO - [cli.py:45] - user: Yeah, I'd like to have everything sorted by July 15th if possible. As for a guide, I already have someone in mind. His name is Made Wirawan, and I can reach him at +6281234567890.
2025-04-22 17:01:55,760 - INFO - [cli.py:45] - assistant: 📋 Here's a summary of your trip information:
🎯 Activity: Sunrise hike
📍 Location: Mount Batur, Bali
📅 Start Time: 2023-10-15T05:00:00+08:00
⏱️ Negotiation Deadline: 2023-07-15T00:00:00+08:00
👥 Number of Participants: 4
💰 Budget: 300

Guide Contacts:
  • Made Wirawan: +6281234567890

Preferences:
  • Price Vs Value: best_value

Is all of this information correct? Please review it carefully.
If everything looks good, please confirm. If anything needs to be changed, please let me know what needs to be corrected.
2025-04-22 17:01:57,499 - INFO - [cli.py:45] - user: Oops, looks like there's a mistake with the start date! The hike is planned for August 15th, 2025, not October 2023. Everything else looks good to me. Please update that date, and it'll be perfect!
2025-04-22 17:02:02,523 - INFO - [cli.py:45] - assistant: I've updated your information. Let me show you the new summary.
2025-04-22 17:02:02,526 - INFO - [cli.py:45] - assistant: 📋 Here's a summary of your trip information:
🎯 Activity: Sunrise hike
📍 Location: Mount Batur, Bali
📅 Start Time: 2025-08-15T05:00:00+08:00
⏱️ Negotiation Deadline: 2023-07-15T00:00:00+08:00
👥 Number of Participants: 4
💰 Budget: 300

Guide Contacts:
  • Made Wirawan: +6281234567890

Preferences:
  • Price Vs Value: best_value

Is all of this information correct? Please review it carefully.
If everything looks good, please confirm. If anything needs to be changed, please let me know what needs to be corrected.
2025-04-22 17:02:03,671 - INFO - [cli.py:45] - user: Looks spot on now! Thanks for updating the date. Everything else is perfect, let's go with this. 😊
2025-04-22 17:02:06,102 - INFO - [cli.py:45] - assistant: Thank you, we've got all we need. We'll get to work!
2025-04-22 17:02:06,186 - INFO - [main.py:96] - Running in SIMULATION mode. Guide responses will be generated automatically.
2025-04-22 17:02:06,187 - INFO - [cli.py:45] - assistant: Hello, I am a travel agent working on behalf of a client. They are interested in: Sunrise hike at Mount Batur, Bali. They would like to do this starting at 2025-08-15T05:00:00+08:00 with 4 participants. Their budget is 300. Can you help with this request? Please let me know if this is possible, what services you can provide, and your pricing. Thank you.
2025-04-22 17:02:20,126 - INFO - [cli.py:45] - guide: Hello! Thank you for reaching out. I'd be delighted to assist your client with a Sunrise Hike at Mount Batur. Here are the details for this activity:

### Sunrise Hike at Mount Batur

**Meeting Point:**
- Typically, we pick up participants from their accommodation in Bali. The pick-up time is usually around 2:00 AM to ensure arrival at the starting point by 3:30 AM.

**Duration:**
- The hike itself takes approximately 2 hours to reach the summit, where you can enjoy the sunrise. The entire experience, including travel time, is about 10 hours, returning by around 12:00 PM.

**What's Included:**
- Round-trip transportation from your client's accommodation in an air-conditioned vehicle.
- Experienced local guide who is knowledgeable about the area.
- Breakfast at the summit (usually includes boiled eggs cooked in volcanic steam, sandwiches, and hot beverages).
- Bottled water.

**Pricing:**
- The standard price for this package is $90 per person. For 4 participants, this totals $360.

**Discount:**
- I can offer a maximum discount of 10%, which would bring the total to $324 for the group of 4.

**Special Requirements:**
- Participants should wear comfortable hiking shoes and bring a warm jacket, as it gets chilly at the summit.

Unfortunately, with the outlined services, the price of $300 is slightly below what we can offer, even with the discount. However, I believe the experience and inclusions provide great value for your clients. Please let me know if this works for you or if there are any adjustments or additional information needed. Thank you!
2025-04-22 17:02:26,270 - INFO - [guide_manager.py:430] - Continuing conversation with guide Made Wirawan
2025-04-22 17:02:26,270 - INFO - [cli.py:45] - assistant: Hello Made Wirawan, thank you for the detailed breakdown of the hike. The inclusions sound great and I understand the value offered. However, the budget my client has is $300. Is there any possibility to adjust the package slightly to meet this budget? Perhaps we could look at options like reducing the inclusions or finding another way to make it work. Your assistance in finding a solution would be greatly appreciated. Thank you!
2025-04-22 17:02:33,384 - INFO - [cli.py:45] - guide: Hello! I completely understand the need to work within a budget, and I’m happy to explore options that might help us meet your client's requirements. Here's a proposal that might suit the $300 budget:

### Adjusted Sunrise Hike at Mount Batur

**Inclusions:**
- **Transportation:** Instead of private round-trip transportation, we can arrange shared transportation with other hikers, which will help reduce costs.
- **Guide:** An experienced local guide will still accompany the group.
- **Breakfast:** We can simplify the breakfast to include just the hot beverages and boiled eggs cooked in volcanic steam.

**Pricing:**
- With these adjustments, we can offer the package for $75 per person. For 4 participants, this totals $300.

**Additional Notes:**
- Your clients should still bring comfortable hiking shoes and a warm jacket.
- Meeting point and pick-up details will be confirmed once we have the accommodation details to coordinate the shared transport.

I hope this adjusted package works for your client's budget while still providing a memorable experience. Please let me know if this is suitable or if you have any more questions or adjustments in mind. Thank you!
2025-04-22 17:02:37,371 - INFO - [cli.py:45] - assistant: Thank you for all the information. I'll present your offer to my client, as the client makes the final decision. We'll be in touch shortly. We appreciate your assistance.
2025-04-22 17:02:37,372 - INFO - [guide_manager.py:460] - Negotiation ended for guide Made Wirawan.
2025-04-22 17:02:37,372 - INFO - [main.py:113] - All guide negotiations have been completed.
2025-04-22 17:02:37,373 - INFO - [main.py:134] - completed all negotiations
