2025-04-22 17:10:48,592 - INFO - [__init__.py:7] - Initializing settings
2025-04-22 17:10:51,595 - INFO - [cli.py:45] - assistant: Hello, I'm Trippy. I'll help you negotiate the best deal for your trip. What do you want to do?
2025-04-22 17:10:52,675 - INFO - [cli.py:45] - user: Hey Trippy! I'm planning to go hiking Mount Batur at sunrise with a few friends.
2025-04-22 17:10:56,438 - INFO - [cli.py:45] - assistant: That sounds like an amazing adventure! How many friends are joining you on the hike, and do you have a specific budget in mind for the trip?
2025-04-22 17:10:58,599 - INFO - [cli.py:45] - user: Yeah, I'm really looking forward to it! So, there will be four of us in total. As for the budget, we're aiming for something around $300. Trying to get the best value for our money, of course!
2025-04-22 17:11:00,755 - INFO - [cli.py:45] - assistant: That sounds like a great plan! Do you have a specific start time in mind for your hike, and have you already been in touch with a guide for the trek?
2025-04-22 17:11:02,354 - INFO - [cli.py:45] - user: Yep, we've got a start time planned. We'll be starting the hike at 5:00 AM to catch the sunrise. I've actually got a guide lined up already, a guy named Made Wirawan. I've got his contact details too!
2025-04-22 17:11:05,346 - INFO - [cli.py:45] - assistant: That's great that you have everything lined up! Just to make sure we get the best deal in time, do you have a deadline for when you'd like to finalize all the arrangements?
2025-04-22 17:11:06,256 - INFO - [cli.py:45] - user: Oh yeah, I’d like to have everything sorted by July 15th. Just want to make sure we’re not rushing last minute, y'know?
2025-04-22 17:11:08,217 - INFO - [cli.py:45] - assistant: 📋 Here's a summary of your trip information:
🎯 Activity: Hiking Mount Batur at sunrise
📍 Location: Mount Batur
📅 Start Time: 2023-10-15T05:00:00+08:00
⏱️ Negotiation Deadline: 2023-07-15T00:00:00+08:00
👥 Number of Participants: 4
💰 Budget: 300

Guide Contacts:
  • Made Wirawan: [User to provide contact details]

Preferences:
  • Price Vs Value: best_value

Is all of this information correct? Please review it carefully.
If everything looks good, please confirm. If anything needs to be changed, please let me know what needs to be corrected.
2025-04-22 17:11:09,951 - INFO - [cli.py:45] - user: Hey, just a quick thing—looks like there's a mix-up with the years in the dates. The hike is in 2025, not 2023. Also, for Made Wirawan's contact info, it's +6281234567890. Other than that, everything seems spot on!
2025-04-22 17:11:13,825 - INFO - [cli.py:45] - assistant: I've updated your information. Let me show you the new summary.
2025-04-22 17:11:13,827 - INFO - [cli.py:45] - assistant: 📋 Here's a summary of your trip information:
🎯 Activity: Hiking Mount Batur at sunrise
📍 Location: Mount Batur
📅 Start Time: 2025-10-15T05:00:00+08:00
⏱️ Negotiation Deadline: 2025-07-15T00:00:00+08:00
👥 Number of Participants: 4
💰 Budget: 300

Guide Contacts:
  • Made Wirawan: +6281234567890

Preferences:
  • Price Vs Value: best_value

Is all of this information correct? Please review it carefully.
If everything looks good, please confirm. If anything needs to be changed, please let me know what needs to be corrected.
2025-04-22 17:11:15,270 - INFO - [cli.py:45] - user: Oops, there's still a small error with the start time year. The hike is 2025-08-15T05:00:00+08:00, not October. Other than that, it's all good. Thanks for updating it!
2025-04-22 17:11:18,246 - INFO - [cli.py:45] - assistant: I've updated your information. Let me show you the new summary.
2025-04-22 17:11:18,249 - INFO - [cli.py:45] - assistant: 📋 Here's a summary of your trip information:
🎯 Activity: Hiking Mount Batur at sunrise
📍 Location: Mount Batur
📅 Start Time: 2025-08-15T05:00:00+08:00
⏱️ Negotiation Deadline: 2025-07-15T00:00:00+08:00
👥 Number of Participants: 4
💰 Budget: 300

Guide Contacts:
  • Made Wirawan: +6281234567890

Preferences:
  • Price Vs Value: best_value

Is all of this information correct? Please review it carefully.
If everything looks good, please confirm. If anything needs to be changed, please let me know what needs to be corrected.
2025-04-22 17:11:19,060 - INFO - [cli.py:45] - user: Yeah, that looks perfect now! Thanks for fixing it. I'm good to go with this info. 😊
2025-04-22 17:11:22,454 - INFO - [cli.py:45] - assistant: Thank you, we've got all we need. We'll get to work!
2025-04-22 17:11:22,546 - INFO - [main.py:96] - Running in SIMULATION mode. Guide responses will be generated automatically.
2025-04-22 17:11:22,546 - INFO - [cli.py:45] - assistant: Hello, I am a travel agent working on behalf of a client. They are interested in: Hiking Mount Batur at sunrise at Mount Batur. They would like to do this starting at 2025-08-15T05:00:00+08:00 with 4 participants. Can you help with this request? Please let me know if this is possible, what services you can provide, and your pricing. Thank you.
2025-04-22 17:11:32,478 - INFO - [cli.py:45] - guide: Hello! Thank you for reaching out. I would be delighted to assist your clients with a sunrise hike on Mount Batur. This is indeed a popular and breathtaking experience, and I'm sure they will enjoy it.

**Details of the Sunrise Hike:**

- **Date & Time:** August 15, 2025. Given the start time of 5:00 AM, we would need to adjust the meeting time to ensure they reach the summit in time for the sunrise. Typically, we start the hike around 3:00 AM from the base.

- **Meeting Point:** The usual meeting point is at the base of Mount Batur, at the Toya Bungkah village. I can arrange a pickup from their accommodation if they are staying in the Ubud or Kintamani area.

- **Duration:** The hike generally takes about 2 hours to ascend and 1.5 hours to descend. Including time at the summit, the total duration is approximately 6 hours.

- **What's Included:**
  - Professional local guide services
  - Breakfast at the summit (usually boiled eggs, bread, and bananas)
  - Bottled water
  - Entrance fees to Kintamani area
  - Flashlights and trekking poles

- **Pricing:** The price for 4 participants would be USD 60 per person. This includes all the services mentioned above.

- **Special Requirements:** Participants should have a moderate fitness level and wear comfortable hiking shoes. Warm clothing is recommended as it can be chilly at the summit before sunrise.

- **Discounts:** Since you're booking for a group of 4, I can offer a 10% discount, bringing the price to USD 54 per person.

Please let me know if you need any additional information or if there are any special requests or considerations for your clients. I look forward to assisting with their unforgettable hiking experience on Mount Batur!
2025-04-22 17:11:38,526 - INFO - [guide_manager.py:430] - Continuing conversation with guide Made Wirawan
2025-04-22 17:11:38,526 - INFO - [cli.py:45] - assistant: Thank you for providing the details, Made. I appreciate the discount offered for the group. Since we're organizing this as a travel agent with the potential for repeat bookings, could you offer any further discounts or added value, such as including transportation to the meeting point, to make this an even more attractive package for my clients? Your assistance in making this an exceptional experience would be greatly appreciated.
2025-04-22 17:11:44,562 - INFO - [cli.py:45] - guide: Hello, thank you for your inquiry. I truly value the opportunity for repeat bookings, and I'm committed to providing an exceptional experience for your clients. While I'm somewhat limited in further discounts beyond the 10%, I can certainly add value to the package in other ways.

**Added Value:**

- **Complimentary Round-trip Transportation:** I can include complimentary round-trip transportation from your clients' accommodation in the Ubud or Kintamani area to the meeting point at Toya Bungkah village. This will ensure a seamless and convenient experience for them.

- **Souvenir:** Each participant will receive a small souvenir to remember their hike, such as a locally crafted bracelet or keychain.

- **Additional Refreshments:** I can add an extra layer of refreshments, including local Balinese coffee or tea at the summit.

These additions should enhance the overall experience and offer excellent value for your clients. Please let me know if there are any other specific requests or if there is anything else I can do to assist. Looking forward to making this an unforgettable adventure for your clients!
2025-04-22 17:11:49,681 - INFO - [cli.py:45] - assistant: Thank you for all the information. I'll present your offer to my client, as the client makes the final decision. We'll be in touch shortly. We appreciate your assistance.
2025-04-22 17:11:49,682 - INFO - [guide_manager.py:460] - Negotiation ended for guide Made Wirawan.
2025-04-22 17:11:49,683 - INFO - [main.py:113] - All guide negotiations have been completed.
2025-04-22 17:11:49,683 - INFO - [main.py:134] - completed all negotiations
