2025-04-22 17:04:08,937 - INFO - [__init__.py:7] - Initializing settings
2025-04-22 17:04:11,645 - INFO - [cli.py:45] - assistant: Hello, I'm Trippy. I'll help you negotiate the best deal for your trip. What do you want to do?
2025-04-22 17:04:13,518 - INFO - [cli.py:45] - user: Hey Trippy! I'm planning to go hiking up Mount Batur at sunrise in Bali. Any chance you can help me get a good deal for that? I'm looking for the best value and something moderately challenging.
2025-04-22 17:04:16,562 - INFO - [cli.py:45] - assistant: That sounds like an amazing adventure! To help you get the best deal, could you let me know how many people will be joining you on the hike? Also, do you have a specific budget in mind for this experience?
2025-04-22 17:04:17,771 - INFO - [cli.py:45] - user: Yeah, I'm going with a group of four people, including myself. As for the budget, we're hoping to keep it around 300 bucks. Can you work with that?
2025-04-22 17:04:20,759 - INFO - [cli.py:45] - assistant: That sounds like a great plan! To make sure everything goes smoothly, do you have a specific date or time in mind for the hike? Also, if you have any local guides in mind or contact details for them, that would be super helpful!
2025-04-22 17:04:22,877 - INFO - [cli.py:45] - user: We're planning to do the hike on August 15th, 2025, starting bright and early at 5 AM for the sunrise. I do have a guide in mind—his name is Made Wirawan, and you can reach him at +6281234567890. Hopefully, we can get a good value deal with him!
2025-04-22 17:04:26,801 - INFO - [cli.py:45] - assistant: That sounds perfect! Just to make sure we can secure the best deal for you, is there a specific deadline by which you'd like to have everything finalized with Made Wirawan?
2025-04-22 17:04:28,125 - INFO - [cli.py:45] - user: Yeah, let's aim to have everything wrapped up by July 15th, 2025. That should give us plenty of time to sort things out before the hike.
2025-04-22 17:04:29,773 - INFO - [cli.py:45] - assistant: 📋 Here's a summary of your trip information:
🎯 Activity: Hiking up Mount Batur at sunrise
📍 Location: Mount Batur, Bali
📅 Start Time: 2025-08-15T05:00:00+08:00
⏱️ Negotiation Deadline: 2025-07-15T00:00:00+08:00
👥 Number of Participants: 4
💰 Budget: 300

Guide Contacts:
  • Made Wirawan: +6281234567890

Preferences:
  • Price Vs Value: best_value

Is all of this information correct? Please review it carefully.
If everything looks good, please confirm. If anything needs to be changed, please let me know what needs to be corrected.
2025-04-22 17:04:31,282 - INFO - [cli.py:45] - user: Yup, that looks all good to me! Let's go ahead and try to snag the best deal we can with Made Wirawan. Thanks for helping out, Trippy!
2025-04-22 17:04:33,865 - INFO - [cli.py:45] - assistant: Thank you, we've got all we need. We'll get to work!
2025-04-22 17:04:33,954 - INFO - [main.py:96] - Running in SIMULATION mode. Guide responses will be generated automatically.
2025-04-22 17:04:33,954 - INFO - [cli.py:45] - assistant: Hello, I am a travel agent working on behalf of a client. They are interested in: Hiking up Mount Batur at sunrise at Mount Batur, Bali. They would like to do this starting at 2025-08-15T05:00:00+08:00 with 4 participants. Their budget is 300. Can you help with this request? Please let me know if this is possible, what services you can provide, and your pricing. Thank you.
2025-04-22 17:04:45,201 - INFO - [cli.py:45] - guide: Hello! Thank you for reaching out. I'd be happy to assist with your client's request for a sunrise hike up Mount Batur. Here's a detailed breakdown of what we can offer:

### Hiking Tour Details:
- **Meeting Point:** The tour begins at the designated meeting point in your client's accommodation lobby or at a central location in Ubud, depending on their preference.
- **Start Time:** The hike typically starts around 2:00 AM to ensure arrival at the summit by sunrise. Since your clients wish to start at 5:00 AM, please note that they may miss the sunrise as it peaks around 6:00 AM.
- **Duration:** The hike takes approximately 4-5 hours round trip, which includes the ascent, time at the summit, and descent.
- **Inclusions:**
  - Transportation to and from Mount Batur.
  - Experienced local guide.
  - Breakfast at the summit (usually includes eggs boiled in volcanic steam, bread, and hot beverages).
  - Entrance fees to the Kintamani area.
  - Flashlights and trekking poles.

### Pricing:
- **Standard Rate:** $100 per person.
- **Total for 4 participants:** $400.
- **Discounted Offer:** I can offer a 10% discount for your group, bringing the total to **$360**.

### Special Requirements:
- All participants should be in reasonable physical condition, as the hike is moderately challenging.
- Participants should bring a warm jacket, as it can be quite chilly at the top, sturdy hiking shoes, and a small backpack for personal items.

### Additional Notes:
- If your clients specifically want to experience the sunrise at the top, I recommend adjusting the start time to ensure they reach the summit before the sun rises.
- We can provide private transport to accommodate any specific time preferences for pickup.

Please let me know if your clients are flexible with their schedule or if they have any other special requests. I'm here to ensure they have a memorable experience. Thank you!
2025-04-22 17:04:51,894 - INFO - [guide_manager.py:430] - Continuing conversation with guide Made Wirawan
2025-04-22 17:04:51,894 - INFO - [cli.py:45] - assistant: Thank you for the detailed offer. I understand the importance of timing for the sunrise experience and appreciate your efforts to accommodate. Could we possibly explore further adjustments to the price to better align with our budget? Additionally, is there any flexibility in starting slightly earlier, perhaps around 3:00 AM, to ensure the sunrise can be experienced fully, while still keeping the overall experience comfortable and enjoyable for my clients?
2025-04-22 17:05:00,251 - INFO - [cli.py:45] - guide: Thank you for considering our services. I'm glad to assist further to ensure your clients have a memorable experience on Mount Batur.

### Price Adjustment:
While our standard discounted rate already includes a 10% reduction, I can offer an additional 5% discount, bringing the total cost down to **$340** for the group of four. This is the best rate I can provide while still maintaining the quality of service and inclusions that ensure a safe and enjoyable hike.

### Timing Adjustments:
Starting the hike at 3:00 AM is indeed a viable option. This will allow your clients ample time to reach the summit before sunrise, ensuring they don't miss the spectacular view. Here's the revised plan:

- **Revised Meeting Point & Time:** We can arrange to pick up your clients from their accommodation around 1:00 AM, depending on their location, to accommodate the 3:00 AM hike start.
- **Duration & Experience:** This timing will provide a comfortable pace to the summit with breaks as needed, and still allow the group to enjoy breakfast at sunrise.

Please let me know if these adjustments meet your clients' needs or if there are any other details you'd like to discuss. I'm here to help make this experience as seamless and enjoyable as possible for them.
2025-04-22 17:05:05,818 - INFO - [guide_manager.py:441] - Guide Made Wirawan asked traveler: The guide has offered a revised plan with a 15% discount, bringing the total cost to $340 for the group of four. They've also suggested starting the hike at 3:00 AM to ensure you don't miss the sunrise. Can you confirm if this timing adjustment is acceptable for your group, or do you have any specific requests we should address?
2025-04-22 17:05:08,410 - INFO - [cli.py:45] - assistant: Hello! I have a few questions from the guides regarding your upcoming trip. They've offered a revised plan with a 15% discount, which brings the total cost to $340 for your group of four. They also suggest starting the hike at 3:00 AM to catch the sunrise. Could you let me know if this timing works for your group, or if there are any specific requests you'd like us to address? Your feedback will help us with the final arrangements. Thank you!
