2025-04-22 17:08:36,750 - INFO - [__init__.py:7] - Initializing settings
2025-04-22 17:08:39,428 - INFO - [cli.py:45] - assistant: Hello, I'm Trippy. I'll help you negotiate the best deal for your trip. What do you want to do?
2025-04-22 17:08:42,419 - INFO - [cli.py:45] - user: Hey Trippy! I'm planning to hike Mount Batur at sunrise in Bali with a few friends. There are four of us, and we're aiming for a good balance between price and value. The difficulty level we're looking for is moderate. Can you help with that?
2025-04-22 17:08:45,768 - INFO - [cli.py:45] - assistant: That sounds like an amazing adventure! To make sure we get the best deal for your sunrise hike, could you let me know what time you'd like to start the hike? Also, do you have a specific budget in mind for this experience?
2025-04-22 17:08:47,800 - INFO - [cli.py:45] - user: Yeah, I'm super excited about it! We're planning to start the hike at 5:00 AM, to catch the sunrise. Our budget is around $300 for the four of us. Can you help us find the best value for that price?
2025-04-22 17:08:51,102 - INFO - [cli.py:45] - assistant: That sounds like a perfect plan! Just to make sure we can secure the best deal for you, do you have a deadline by which you'd like to finalize the arrangements? Also, if you have any contact details for a guide or tour company you're considering, that would be super helpful!
2025-04-22 17:08:53,454 - INFO - [cli.py:45] - user: Yep, I'd like to have everything finalized by July 15th, just to be safe. I do have a contact for a guide—his name's Made Wirawan, and you can reach him at +6281234567890. I think he'd be a great option, but I'm open to other suggestions if there's a better deal out there!
2025-04-22 17:08:55,302 - INFO - [cli.py:45] - assistant: 📋 Here's a summary of your trip information:
🎯 Activity: Hike Mount Batur at sunrise
📍 Location: Mount Batur, Bali
📅 Start Time: 2023-10-15T05:00:00+08:00
⏱️ Negotiation Deadline: 2023-07-15T00:00:00+08:00
👥 Number of Participants: 4
💰 Budget: 300

Guide Contacts:
  • Made Wirawan: +6281234567890

Preferences:
  • Price Vs Value: best_value
  • Difficulty Level: moderate

Is all of this information correct? Please review it carefully.
If everything looks good, please confirm. If anything needs to be changed, please let me know what needs to be corrected.
2025-04-22 17:09:00,136 - INFO - [cli.py:45] - user: Oops, there's a little mix-up with the dates there. The start time should be for 2025, not 2023. So it's August 15, 2025, at 5:00 AM, and the deadline for finalizing things is July 15, 2025. Everything else looks good! Thanks for catching that.
2025-04-22 17:09:02,368 - INFO - [cli.py:45] - assistant: I've updated your information. Let me show you the new summary.
2025-04-22 17:09:02,369 - INFO - [cli.py:45] - assistant: 📋 Here's a summary of your trip information:
🎯 Activity: Hike Mount Batur at sunrise
📍 Location: Mount Batur, Bali
📅 Start Time: 2025-08-15T05:00:00+08:00
⏱️ Negotiation Deadline: 2025-07-15T00:00:00+08:00
👥 Number of Participants: 4
💰 Budget: 300

Guide Contacts:
  • Made Wirawan: +6281234567890

Preferences:
  • Price Vs Value: best_value
  • Difficulty Level: moderate

Is all of this information correct? Please review it carefully.
If everything looks good, please confirm. If anything needs to be changed, please let me know what needs to be corrected.
2025-04-22 17:09:03,362 - INFO - [cli.py:45] - user: Everything looks perfect now! Thanks for updating the dates. Let's go ahead and start looking for the best deal. 😄
2025-04-22 17:09:05,494 - INFO - [cli.py:45] - assistant: Thank you, we've got all we need. We'll get to work!
2025-04-22 17:09:05,582 - INFO - [main.py:96] - Running in SIMULATION mode. Guide responses will be generated automatically.
2025-04-22 17:09:05,583 - INFO - [cli.py:45] - assistant: Hello, I am a travel agent working on behalf of a client. They are interested in: Hike Mount Batur at sunrise at Mount Batur, Bali. They would like to do this starting at 2025-08-15T05:00:00+08:00 with 4 participants. Can you help with this request? Please let me know if this is possible, what services you can provide, and your pricing. Thank you.
2025-04-22 17:09:17,111 - INFO - [cli.py:45] - guide: Hello! Thank you for reaching out. I'd be delighted to assist your client with their Mount Batur sunrise hike. It's one of the most breathtaking experiences in Bali. Here are the details for the hike:

**Mount Batur Sunrise Hike Details:**

- **Date and Time:** 2025-08-15, with the hike beginning at approximately 3:30 AM. We'll start the journey from the base, as the goal is to reach the summit by sunrise.

- **Meeting Point:** We can arrange a pickup from their accommodation in most major areas in Bali, or they can meet us at the Toya Bungkah Village, which is the starting point for the hike.

- **Duration:** The entire trip, including transportation, will take about 8-10 hours. The hike itself usually takes around 2 hours up to the summit and about 1.5 hours to descend.

- **What's Included:**
  - Round-trip transportation from their accommodation.
  - Professional, English-speaking guide.
  - Entrance fees to Mount Batur.
  - Flashlights for the hike.
  - Light breakfast at the summit, including eggs cooked in the volcanic steam, bread, and hot beverages.
  - Bottled water.

- **Pricing:** For a group of 4 participants, the total cost would be USD 280. This includes all of the above services. We can offer a 10% discount for bookings through your agency, bringing it to USD 252.

- **Special Requirements:** Participants should be in reasonable physical condition as the hike is moderately challenging. We recommend wearing comfortable hiking shoes and bringing a jacket, as it can be quite chilly at the summit before sunrise.

Please let me know if your clients have any specific preferences or additional requests. We are here to ensure they have a memorable experience. If you have any questions or need further adjustments, feel free to reach out. Thank you!
2025-04-22 17:09:23,664 - INFO - [cli.py:45] - assistant: Thank you for all the information. I'll present your offer to my client, as the client makes the final decision. We'll be in touch shortly. We appreciate your assistance.
2025-04-22 17:09:23,668 - INFO - [guide_manager.py:460] - Negotiation ended for guide Made Wirawan.
2025-04-22 17:09:23,668 - INFO - [main.py:113] - All guide negotiations have been completed.
2025-04-22 17:09:23,669 - INFO - [main.py:134] - completed all negotiations
